<?xml version="1.0" encoding="utf-8"?>
<CoverageSession xmlns:xsd="http://www.w3.org/2001/XMLSchema" xmlns:xsi="http://www.w3.org/2001/XMLSchema-instance" Version="4.6.0.0">
  <Summary numSequencePoints="1069" visitedSequencePoints="37" numBranchPoints="359" visitedBranchPoints="7" sequenceCoverage="3.46" branchCoverage="1.95" maxCyclomaticComplexity="12" minCyclomaticComplexity="1" maxCrapScore="156" minCrapScore="1" visitedClasses="2" numClasses="55" visitedMethods="4" numMethods="163" />
  <Modules>
    <Module hash="3F-FD-80-C3-47-67-A7-2F-BD-B5-48-DE-67-C4-07-8D-8A-9D-A8-8D">
      <Summary numSequencePoints="85" visitedSequencePoints="22" numBranchPoints="7" visitedBranchPoints="2" sequenceCoverage="25.88" branchCoverage="28.57" maxCyclomaticComplexity="1" minCyclomaticComplexity="1" maxCrapScore="2" minCrapScore="1" visitedClasses="1" numClasses="3" visitedMethods="2" numMethods="7" />
      <ModulePath>E:\GitHub\SpaceRPG\SpaceRPGTests_new\bin\Debug\SpaceRPGTests_new.dll</ModulePath>
      <ModuleTime>2017-09-19T01:47:13.2880097Z</ModuleTime>
      <ModuleName>SpaceRPGTests_new</ModuleName>
      <Files>
        <File uid="1" fullPath="E:\GitHub\SpaceRPG\SpaceRPGTests_new\Assets\GeneralScripts\Dialogue\DialogSceneTests.cs" />
        <File uid="2" fullPath="E:\GitHub\SpaceRPG\SpaceRPGTests_new\Assets\GeneralScripts\Dialogue\NpcDialogItemTests.cs" />
        <File uid="3" fullPath="E:\GitHub\SpaceRPG\SpaceRPGTests_new\Assets\GeneralScripts\Dialogue\PlayerDialogItemTests.cs" />
      </Files>
      <Classes>
        <Class>
          <Summary numSequencePoints="53" visitedSequencePoints="0" numBranchPoints="4" visitedBranchPoints="0" sequenceCoverage="0" branchCoverage="0" maxCyclomaticComplexity="1" minCyclomaticComplexity="1" maxCrapScore="2" minCrapScore="2" visitedClasses="0" numClasses="1" visitedMethods="0" numMethods="4" />
          <FullName>Assets.GeneralScripts.Dialogue.Tests.DialogSceneTests</FullName>
          <Methods>
            <Method visited="false" cyclomaticComplexity="1" nPathComplexity="0" sequenceCoverage="0" branchCoverage="0" crapScore="2" isConstructor="false" isStatic="false" isGetter="false" isSetter="false">
              <Summary numSequencePoints="9" visitedSequencePoints="0" numBranchPoints="1" visitedBranchPoints="0" sequenceCoverage="0" branchCoverage="0" maxCyclomaticComplexity="1" minCyclomaticComplexity="1" maxCrapScore="2" minCrapScore="2" visitedClasses="0" numClasses="0" visitedMethods="0" numMethods="1" />
              <MetadataToken>100663297</MetadataToken>
              <Name>System.Void Assets.GeneralScripts.Dialogue.Tests.DialogSceneTests::TryConsumeTest_Return()</Name>
              <FileRef uid="1" />
              <SequencePoints>
                <SequencePoint vc="0" uspid="1" ordinal="0" offset="0" sl="16" sc="3" el="16" ec="4" bec="0" bev="0" fileid="1" />
                <SequencePoint vc="0" uspid="2" ordinal="1" offset="1" sl="17" sc="4" el="17" ec="34" bec="0" bev="0" fileid="1" />
                <SequencePoint vc="0" uspid="3" ordinal="2" offset="7" sl="18" sc="4" el="18" ec="35" bec="0" bev="0" fileid="1" />
                <SequencePoint vc="0" uspid="4" ordinal="3" offset="13" sl="19" sc="4" el="19" ec="30" bec="0" bev="0" fileid="1" />
                <SequencePoint vc="0" uspid="5" ordinal="4" offset="25" sl="20" sc="4" el="20" ec="31" bec="0" bev="0" fileid="1" />
                <SequencePoint vc="0" uspid="6" ordinal="5" offset="37" sl="21" sc="4" el="21" ec="50" bec="0" bev="0" fileid="1" />
                <SequencePoint vc="0" uspid="7" ordinal="6" offset="51" sl="22" sc="4" el="22" ec="38" bec="0" bev="0" fileid="1" />
                <SequencePoint vc="0" uspid="8" ordinal="7" offset="64" sl="23" sc="4" el="23" ec="42" bec="0" bev="0" fileid="1" />
                <SequencePoint vc="0" uspid="9" ordinal="8" offset="77" sl="24" sc="3" el="24" ec="4" bec="0" bev="0" fileid="1" />
              </SequencePoints>
              <BranchPoints />
              <MethodPoint xsi:type="SequencePoint" vc="0" uspid="1" ordinal="0" offset="0" sl="16" sc="3" el="16" ec="4" bec="0" bev="0" fileid="1" />
            </Method>
            <Method visited="false" cyclomaticComplexity="1" nPathComplexity="0" sequenceCoverage="0" branchCoverage="0" crapScore="2" isConstructor="false" isStatic="false" isGetter="false" isSetter="false">
              <Summary numSequencePoints="9" visitedSequencePoints="0" numBranchPoints="1" visitedBranchPoints="0" sequenceCoverage="0" branchCoverage="0" maxCyclomaticComplexity="1" minCyclomaticComplexity="1" maxCrapScore="2" minCrapScore="2" visitedClasses="0" numClasses="0" visitedMethods="0" numMethods="1" />
              <MetadataToken>100663298</MetadataToken>
              <Name>System.Void Assets.GeneralScripts.Dialogue.Tests.DialogSceneTests::TryConsumeTest_Jump()</Name>
              <FileRef uid="1" />
              <SequencePoints>
                <SequencePoint vc="0" uspid="10" ordinal="0" offset="0" sl="28" sc="3" el="28" ec="4" bec="0" bev="0" fileid="1" />
                <SequencePoint vc="0" uspid="11" ordinal="1" offset="1" sl="29" sc="4" el="29" ec="34" bec="0" bev="0" fileid="1" />
                <SequencePoint vc="0" uspid="12" ordinal="2" offset="7" sl="30" sc="4" el="30" ec="35" bec="0" bev="0" fileid="1" />
                <SequencePoint vc="0" uspid="13" ordinal="3" offset="13" sl="31" sc="4" el="31" ec="30" bec="0" bev="0" fileid="1" />
                <SequencePoint vc="0" uspid="14" ordinal="4" offset="25" sl="32" sc="4" el="32" ec="29" bec="0" bev="0" fileid="1" />
                <SequencePoint vc="0" uspid="15" ordinal="5" offset="37" sl="33" sc="4" el="33" ec="50" bec="0" bev="0" fileid="1" />
                <SequencePoint vc="0" uspid="16" ordinal="6" offset="51" sl="34" sc="4" el="34" ec="38" bec="0" bev="0" fileid="1" />
                <SequencePoint vc="0" uspid="17" ordinal="7" offset="64" sl="35" sc="4" el="35" ec="42" bec="0" bev="0" fileid="1" />
                <SequencePoint vc="0" uspid="18" ordinal="8" offset="77" sl="36" sc="3" el="36" ec="4" bec="0" bev="0" fileid="1" />
              </SequencePoints>
              <BranchPoints />
              <MethodPoint xsi:type="SequencePoint" vc="0" uspid="10" ordinal="0" offset="0" sl="28" sc="3" el="28" ec="4" bec="0" bev="0" fileid="1" />
            </Method>
            <Method visited="false" cyclomaticComplexity="1" nPathComplexity="0" sequenceCoverage="0" branchCoverage="0" crapScore="2" isConstructor="false" isStatic="false" isGetter="false" isSetter="false">
              <Summary numSequencePoints="15" visitedSequencePoints="0" numBranchPoints="1" visitedBranchPoints="0" sequenceCoverage="0" branchCoverage="0" maxCyclomaticComplexity="1" minCyclomaticComplexity="1" maxCrapScore="2" minCrapScore="2" visitedClasses="0" numClasses="0" visitedMethods="0" numMethods="1" />
              <MetadataToken>100663299</MetadataToken>
              <Name>System.Void Assets.GeneralScripts.Dialogue.Tests.DialogSceneTests::TryConsumeTest_OneNPCItem()</Name>
              <FileRef uid="1" />
              <SequencePoints>
                <SequencePoint vc="0" uspid="19" ordinal="0" offset="0" sl="40" sc="3" el="40" ec="4" bec="0" bev="0" fileid="1" />
                <SequencePoint vc="0" uspid="20" ordinal="1" offset="1" sl="41" sc="4" el="41" ec="34" bec="0" bev="0" fileid="1" />
                <SequencePoint vc="0" uspid="21" ordinal="2" offset="7" sl="42" sc="4" el="42" ec="35" bec="0" bev="0" fileid="1" />
                <SequencePoint vc="0" uspid="22" ordinal="3" offset="13" sl="43" sc="4" el="43" ec="30" bec="0" bev="0" fileid="1" />
                <SequencePoint vc="0" uspid="23" ordinal="4" offset="25" sl="44" sc="4" el="44" ec="39" bec="0" bev="0" fileid="1" />
                <SequencePoint vc="0" uspid="24" ordinal="5" offset="37" sl="45" sc="4" el="45" ec="31" bec="0" bev="0" fileid="1" />
                <SequencePoint vc="0" uspid="25" ordinal="6" offset="49" sl="46" sc="4" el="46" ec="50" bec="0" bev="0" fileid="1" />
                <SequencePoint vc="0" uspid="26" ordinal="7" offset="63" sl="47" sc="4" el="47" ec="46" bec="0" bev="0" fileid="1" />
                <SequencePoint vc="0" uspid="27" ordinal="8" offset="81" sl="48" sc="4" el="48" ec="63" bec="0" bev="0" fileid="1" />
                <SequencePoint vc="0" uspid="28" ordinal="9" offset="108" sl="49" sc="4" el="49" ec="57" bec="0" bev="0" fileid="1" />
                <SequencePoint vc="0" uspid="29" ordinal="10" offset="126" sl="50" sc="4" el="50" ec="47" bec="0" bev="0" fileid="1" />
                <SequencePoint vc="0" uspid="30" ordinal="11" offset="144" sl="51" sc="4" el="51" ec="63" bec="0" bev="0" fileid="1" />
                <SequencePoint vc="0" uspid="31" ordinal="12" offset="167" sl="52" sc="4" el="52" ec="38" bec="0" bev="0" fileid="1" />
                <SequencePoint vc="0" uspid="32" ordinal="13" offset="180" sl="53" sc="4" el="53" ec="42" bec="0" bev="0" fileid="1" />
                <SequencePoint vc="0" uspid="33" ordinal="14" offset="193" sl="54" sc="3" el="54" ec="4" bec="0" bev="0" fileid="1" />
              </SequencePoints>
              <BranchPoints />
              <MethodPoint xsi:type="SequencePoint" vc="0" uspid="19" ordinal="0" offset="0" sl="40" sc="3" el="40" ec="4" bec="0" bev="0" fileid="1" />
            </Method>
            <Method visited="false" cyclomaticComplexity="1" nPathComplexity="0" sequenceCoverage="0" branchCoverage="0" crapScore="2" isConstructor="false" isStatic="false" isGetter="false" isSetter="false">
              <Summary numSequencePoints="20" visitedSequencePoints="0" numBranchPoints="1" visitedBranchPoints="0" sequenceCoverage="0" branchCoverage="0" maxCyclomaticComplexity="1" minCyclomaticComplexity="1" maxCrapScore="2" minCrapScore="2" visitedClasses="0" numClasses="0" visitedMethods="0" numMethods="1" />
              <MetadataToken>100663300</MetadataToken>
              <Name>System.Void Assets.GeneralScripts.Dialogue.Tests.DialogSceneTests::TryConsumeTest_OneNPCAndOnePlayertem()</Name>
              <FileRef uid="1" />
              <SequencePoints>
                <SequencePoint vc="0" uspid="34" ordinal="0" offset="0" sl="58" sc="3" el="58" ec="4" bec="0" bev="0" fileid="1" />
                <SequencePoint vc="0" uspid="35" ordinal="1" offset="1" sl="59" sc="4" el="59" ec="34" bec="0" bev="0" fileid="1" />
                <SequencePoint vc="0" uspid="36" ordinal="2" offset="7" sl="60" sc="4" el="60" ec="35" bec="0" bev="0" fileid="1" />
                <SequencePoint vc="0" uspid="37" ordinal="3" offset="13" sl="61" sc="4" el="61" ec="30" bec="0" bev="0" fileid="1" />
                <SequencePoint vc="0" uspid="38" ordinal="4" offset="25" sl="62" sc="4" el="62" ec="39" bec="0" bev="0" fileid="1" />
                <SequencePoint vc="0" uspid="39" ordinal="5" offset="37" sl="63" sc="4" el="63" ec="27" bec="0" bev="0" fileid="1" />
                <SequencePoint vc="0" uspid="40" ordinal="6" offset="49" sl="64" sc="4" el="64" ec="31" bec="0" bev="0" fileid="1" />
                <SequencePoint vc="0" uspid="41" ordinal="7" offset="61" sl="66" sc="4" el="66" ec="50" bec="0" bev="0" fileid="1" />
                <SequencePoint vc="0" uspid="42" ordinal="8" offset="75" sl="67" sc="4" el="67" ec="46" bec="0" bev="0" fileid="1" />
                <SequencePoint vc="0" uspid="43" ordinal="9" offset="93" sl="68" sc="4" el="68" ec="38" bec="0" bev="0" fileid="1" />
                <SequencePoint vc="0" uspid="44" ordinal="10" offset="106" sl="69" sc="4" el="69" ec="42" bec="0" bev="0" fileid="1" />
                <SequencePoint vc="0" uspid="45" ordinal="11" offset="119" sl="71" sc="4" el="71" ec="63" bec="0" bev="0" fileid="1" />
                <SequencePoint vc="0" uspid="46" ordinal="12" offset="146" sl="72" sc="4" el="72" ec="57" bec="0" bev="0" fileid="1" />
                <SequencePoint vc="0" uspid="47" ordinal="13" offset="164" sl="73" sc="4" el="73" ec="47" bec="0" bev="0" fileid="1" />
                <SequencePoint vc="0" uspid="48" ordinal="14" offset="182" sl="74" sc="4" el="74" ec="63" bec="0" bev="0" fileid="1" />
                <SequencePoint vc="0" uspid="49" ordinal="15" offset="205" sl="76" sc="4" el="76" ec="66" bec="0" bev="0" fileid="1" />
                <SequencePoint vc="0" uspid="50" ordinal="16" offset="232" sl="77" sc="4" el="77" ec="60" bec="0" bev="0" fileid="1" />
                <SequencePoint vc="0" uspid="51" ordinal="17" offset="250" sl="78" sc="4" el="78" ec="49" bec="0" bev="0" fileid="1" />
                <SequencePoint vc="0" uspid="52" ordinal="18" offset="268" sl="79" sc="4" el="79" ec="56" bec="0" bev="0" fileid="1" />
                <SequencePoint vc="0" uspid="53" ordinal="19" offset="296" sl="80" sc="3" el="80" ec="4" bec="0" bev="0" fileid="1" />
              </SequencePoints>
              <BranchPoints />
              <MethodPoint xsi:type="SequencePoint" vc="0" uspid="34" ordinal="0" offset="0" sl="58" sc="3" el="58" ec="4" bec="0" bev="0" fileid="1" />
            </Method>
            <Method visited="false" cyclomaticComplexity="1" nPathComplexity="0" sequenceCoverage="0" branchCoverage="0" crapScore="2" isConstructor="true" isStatic="false" isGetter="false" isSetter="false">
              <Summary numSequencePoints="0" visitedSequencePoints="0" numBranchPoints="0" visitedBranchPoints="0" sequenceCoverage="0" branchCoverage="0" maxCyclomaticComplexity="1" minCyclomaticComplexity="1" maxCrapScore="2" minCrapScore="2" visitedClasses="0" numClasses="0" visitedMethods="0" numMethods="0" />
              <MetadataToken>100663301</MetadataToken>
              <Name>System.Void Assets.GeneralScripts.Dialogue.Tests.DialogSceneTests::.ctor()</Name>
              <SequencePoints />
              <BranchPoints />
              <MethodPoint vc="0" uspid="54" ordinal="0" offset="0" />
            </Method>
          </Methods>
        </Class>
        <Class>
          <Summary numSequencePoints="22" visitedSequencePoints="22" numBranchPoints="2" visitedBranchPoints="2" sequenceCoverage="100" branchCoverage="100" maxCyclomaticComplexity="1" minCyclomaticComplexity="1" maxCrapScore="2" minCrapScore="1" visitedClasses="1" numClasses="1" visitedMethods="2" numMethods="2" />
          <FullName>Assets.GeneralScripts.Dialogue.Tests.NpcDialogItemTests</FullName>
          <Methods>
            <Method visited="true" cyclomaticComplexity="1" nPathComplexity="0" sequenceCoverage="100" branchCoverage="100" crapScore="1" isConstructor="false" isStatic="false" isGetter="false" isSetter="false">
              <Summary numSequencePoints="9" visitedSequencePoints="9" numBranchPoints="1" visitedBranchPoints="1" sequenceCoverage="100" branchCoverage="100" maxCyclomaticComplexity="1" minCyclomaticComplexity="1" maxCrapScore="1" minCrapScore="1" visitedClasses="0" numClasses="0" visitedMethods="1" numMethods="1" />
              <MetadataToken>100663302</MetadataToken>
              <Name>System.Void Assets.GeneralScripts.Dialogue.Tests.NpcDialogItemTests::TryConsumeTest_OneLine()</Name>
              <FileRef uid="2" />
              <SequencePoints>
                <SequencePoint vc="1" uspid="55" ordinal="0" offset="0" sl="16" sc="3" el="16" ec="4" bec="0" bev="0" fileid="2">
                  <TrackedMethodRefs>
                    <TrackedMethodRef uid="5" vc="1" />
                  </TrackedMethodRefs>
                </SequencePoint>
                <SequencePoint vc="1" uspid="56" ordinal="1" offset="1" sl="17" sc="4" el="17" ec="41" bec="0" bev="0" fileid="2">
                  <TrackedMethodRefs>
                    <TrackedMethodRef uid="5" vc="1" />
                  </TrackedMethodRefs>
                </SequencePoint>
                <SequencePoint vc="1" uspid="57" ordinal="2" offset="7" sl="18" sc="4" el="18" ec="35" bec="0" bev="0" fileid="2">
                  <TrackedMethodRefs>
                    <TrackedMethodRef uid="5" vc="1" />
                  </TrackedMethodRefs>
                </SequencePoint>
                <SequencePoint vc="1" uspid="58" ordinal="3" offset="13" sl="19" sc="4" el="19" ec="35" bec="0" bev="0" fileid="2">
                  <TrackedMethodRefs>
                    <TrackedMethodRef uid="5" vc="1" />
                  </TrackedMethodRefs>
                </SequencePoint>
                <SequencePoint vc="1" uspid="59" ordinal="4" offset="25" sl="20" sc="4" el="20" ec="31" bec="0" bev="0" fileid="2">
                  <TrackedMethodRefs>
                    <TrackedMethodRef uid="5" vc="1" />
                  </TrackedMethodRefs>
                </SequencePoint>
                <SequencePoint vc="1" uspid="60" ordinal="5" offset="37" sl="22" sc="4" el="22" ec="55" bec="0" bev="0" fileid="2">
                  <TrackedMethodRefs>
                    <TrackedMethodRef uid="5" vc="1" />
                  </TrackedMethodRefs>
                </SequencePoint>
                <SequencePoint vc="1" uspid="61" ordinal="6" offset="51" sl="23" sc="4" el="23" ec="47" bec="0" bev="0" fileid="2">
                  <TrackedMethodRefs>
                    <TrackedMethodRef uid="5" vc="1" />
                  </TrackedMethodRefs>
                </SequencePoint>
                <SequencePoint vc="1" uspid="62" ordinal="7" offset="69" sl="24" sc="4" el="24" ec="59" bec="0" bev="0" fileid="2">
                  <TrackedMethodRefs>
                    <TrackedMethodRef uid="5" vc="1" />
                  </TrackedMethodRefs>
                </SequencePoint>
                <SequencePoint vc="1" uspid="63" ordinal="8" offset="92" sl="25" sc="3" el="25" ec="4" bec="0" bev="0" fileid="2">
                  <TrackedMethodRefs>
                    <TrackedMethodRef uid="5" vc="1" />
                  </TrackedMethodRefs>
                </SequencePoint>
              </SequencePoints>
              <BranchPoints />
              <MethodPoint xsi:type="SequencePoint" vc="1" uspid="55" ordinal="0" offset="0" sl="16" sc="3" el="16" ec="4" bec="0" bev="0" fileid="2">
                <TrackedMethodRefs>
                  <TrackedMethodRef uid="5" vc="1" />
                </TrackedMethodRefs>
              </MethodPoint>
            </Method>
            <Method visited="true" cyclomaticComplexity="1" nPathComplexity="0" sequenceCoverage="100" branchCoverage="100" crapScore="1" isConstructor="false" isStatic="false" isGetter="false" isSetter="false">
              <Summary numSequencePoints="13" visitedSequencePoints="13" numBranchPoints="1" visitedBranchPoints="1" sequenceCoverage="100" branchCoverage="100" maxCyclomaticComplexity="1" minCyclomaticComplexity="1" maxCrapScore="1" minCrapScore="1" visitedClasses="0" numClasses="0" visitedMethods="1" numMethods="1" />
              <MetadataToken>100663303</MetadataToken>
              <Name>System.Void Assets.GeneralScripts.Dialogue.Tests.NpcDialogItemTests::TryConsumeTest_TwoLines()</Name>
              <FileRef uid="2" />
              <SequencePoints>
                <SequencePoint vc="1" uspid="64" ordinal="0" offset="0" sl="29" sc="3" el="29" ec="4" bec="0" bev="0" fileid="2">
                  <TrackedMethodRefs>
                    <TrackedMethodRef uid="6" vc="1" />
                  </TrackedMethodRefs>
                </SequencePoint>
                <SequencePoint vc="1" uspid="65" ordinal="1" offset="1" sl="30" sc="4" el="30" ec="41" bec="0" bev="0" fileid="2">
                  <TrackedMethodRefs>
                    <TrackedMethodRef uid="6" vc="1" />
                  </TrackedMethodRefs>
                </SequencePoint>
                <SequencePoint vc="1" uspid="66" ordinal="2" offset="7" sl="31" sc="4" el="31" ec="30" bec="0" bev="0" fileid="2">
                  <TrackedMethodRefs>
                    <TrackedMethodRef uid="6" vc="1" />
                  </TrackedMethodRefs>
                </SequencePoint>
                <SequencePoint vc="1" uspid="67" ordinal="3" offset="13" sl="32" sc="4" el="32" ec="36" bec="0" bev="0" fileid="2">
                  <TrackedMethodRefs>
                    <TrackedMethodRef uid="6" vc="1" />
                  </TrackedMethodRefs>
                </SequencePoint>
                <SequencePoint vc="1" uspid="68" ordinal="4" offset="19" sl="33" sc="4" el="33" ec="35" bec="0" bev="0" fileid="2">
                  <TrackedMethodRefs>
                    <TrackedMethodRef uid="6" vc="1" />
                  </TrackedMethodRefs>
                </SequencePoint>
                <SequencePoint vc="1" uspid="69" ordinal="5" offset="25" sl="34" sc="4" el="34" ec="21" bec="0" bev="0" fileid="2">
                  <TrackedMethodRefs>
                    <TrackedMethodRef uid="6" vc="1" />
                  </TrackedMethodRefs>
                </SequencePoint>
                <SequencePoint vc="1" uspid="70" ordinal="6" offset="33" sl="35" sc="4" el="35" ec="21" bec="0" bev="0" fileid="2">
                  <TrackedMethodRefs>
                    <TrackedMethodRef uid="6" vc="1" />
                  </TrackedMethodRefs>
                </SequencePoint>
                <SequencePoint vc="1" uspid="71" ordinal="7" offset="41" sl="36" sc="4" el="36" ec="31" bec="0" bev="0" fileid="2">
                  <TrackedMethodRefs>
                    <TrackedMethodRef uid="6" vc="1" />
                  </TrackedMethodRefs>
                </SequencePoint>
                <SequencePoint vc="1" uspid="72" ordinal="8" offset="53" sl="38" sc="4" el="38" ec="55" bec="0" bev="0" fileid="2">
                  <TrackedMethodRefs>
                    <TrackedMethodRef uid="6" vc="1" />
                  </TrackedMethodRefs>
                </SequencePoint>
                <SequencePoint vc="1" uspid="73" ordinal="9" offset="67" sl="39" sc="4" el="39" ec="47" bec="0" bev="0" fileid="2">
                  <TrackedMethodRefs>
                    <TrackedMethodRef uid="6" vc="1" />
                  </TrackedMethodRefs>
                </SequencePoint>
                <SequencePoint vc="1" uspid="74" ordinal="10" offset="85" sl="40" sc="4" el="40" ec="45" bec="0" bev="0" fileid="2">
                  <TrackedMethodRefs>
                    <TrackedMethodRef uid="6" vc="1" />
                  </TrackedMethodRefs>
                </SequencePoint>
                <SequencePoint vc="1" uspid="75" ordinal="11" offset="104" sl="41" sc="4" el="41" ec="45" bec="0" bev="0" fileid="2">
                  <TrackedMethodRefs>
                    <TrackedMethodRef uid="6" vc="1" />
                  </TrackedMethodRefs>
                </SequencePoint>
                <SequencePoint vc="1" uspid="76" ordinal="12" offset="123" sl="42" sc="3" el="42" ec="4" bec="0" bev="0" fileid="2">
                  <TrackedMethodRefs>
                    <TrackedMethodRef uid="6" vc="1" />
                  </TrackedMethodRefs>
                </SequencePoint>
              </SequencePoints>
              <BranchPoints />
              <MethodPoint xsi:type="SequencePoint" vc="1" uspid="64" ordinal="0" offset="0" sl="29" sc="3" el="29" ec="4" bec="0" bev="0" fileid="2">
                <TrackedMethodRefs>
                  <TrackedMethodRef uid="6" vc="1" />
                </TrackedMethodRefs>
              </MethodPoint>
            </Method>
            <Method visited="false" cyclomaticComplexity="1" nPathComplexity="0" sequenceCoverage="0" branchCoverage="0" crapScore="2" isConstructor="true" isStatic="false" isGetter="false" isSetter="false">
              <Summary numSequencePoints="0" visitedSequencePoints="0" numBranchPoints="0" visitedBranchPoints="0" sequenceCoverage="0" branchCoverage="0" maxCyclomaticComplexity="1" minCyclomaticComplexity="1" maxCrapScore="2" minCrapScore="2" visitedClasses="0" numClasses="0" visitedMethods="0" numMethods="0" />
              <MetadataToken>100663304</MetadataToken>
              <Name>System.Void Assets.GeneralScripts.Dialogue.Tests.NpcDialogItemTests::.ctor()</Name>
              <SequencePoints />
              <BranchPoints />
              <MethodPoint vc="0" uspid="77" ordinal="0" offset="0" />
            </Method>
          </Methods>
        </Class>
        <Class>
          <Summary numSequencePoints="10" visitedSequencePoints="0" numBranchPoints="1" visitedBranchPoints="0" sequenceCoverage="0" branchCoverage="0" maxCyclomaticComplexity="1" minCyclomaticComplexity="1" maxCrapScore="2" minCrapScore="2" visitedClasses="0" numClasses="1" visitedMethods="0" numMethods="1" />
          <FullName>Assets.GeneralScripts.Dialogue.Tests.PlayerDialogItemTests</FullName>
          <Methods>
            <Method visited="false" cyclomaticComplexity="1" nPathComplexity="0" sequenceCoverage="0" branchCoverage="0" crapScore="2" isConstructor="false" isStatic="false" isGetter="false" isSetter="false">
              <Summary numSequencePoints="10" visitedSequencePoints="0" numBranchPoints="1" visitedBranchPoints="0" sequenceCoverage="0" branchCoverage="0" maxCyclomaticComplexity="1" minCyclomaticComplexity="1" maxCrapScore="2" minCrapScore="2" visitedClasses="0" numClasses="0" visitedMethods="0" numMethods="1" />
              <MetadataToken>100663305</MetadataToken>
              <Name>System.Void Assets.GeneralScripts.Dialogue.Tests.PlayerDialogItemTests::TryConsumeTest_OneLine()</Name>
              <FileRef uid="3" />
              <SequencePoints>
                <SequencePoint vc="0" uspid="78" ordinal="0" offset="0" sl="16" sc="3" el="16" ec="4" bec="0" bev="0" fileid="3" />
                <SequencePoint vc="0" uspid="79" ordinal="1" offset="1" sl="17" sc="4" el="17" ec="38" bec="0" bev="0" fileid="3" />
                <SequencePoint vc="0" uspid="80" ordinal="2" offset="7" sl="18" sc="4" el="18" ec="35" bec="0" bev="0" fileid="3" />
                <SequencePoint vc="0" uspid="81" ordinal="3" offset="13" sl="19" sc="4" el="19" ec="27" bec="0" bev="0" fileid="3" />
                <SequencePoint vc="0" uspid="82" ordinal="4" offset="25" sl="20" sc="4" el="20" ec="31" bec="0" bev="0" fileid="3" />
                <SequencePoint vc="0" uspid="83" ordinal="5" offset="37" sl="21" sc="4" el="21" ec="49" bec="0" bev="0" fileid="3" />
                <SequencePoint vc="0" uspid="84" ordinal="6" offset="51" sl="22" sc="4" el="22" ec="43" bec="0" bev="0" fileid="3" />
                <SequencePoint vc="0" uspid="85" ordinal="7" offset="69" sl="23" sc="4" el="23" ec="50" bec="0" bev="0" fileid="3" />
                <SequencePoint vc="0" uspid="86" ordinal="8" offset="97" sl="24" sc="4" el="24" ec="55" bec="0" bev="0" fileid="3" />
                <SequencePoint vc="0" uspid="87" ordinal="9" offset="121" sl="25" sc="3" el="25" ec="4" bec="0" bev="0" fileid="3" />
              </SequencePoints>
              <BranchPoints />
              <MethodPoint xsi:type="SequencePoint" vc="0" uspid="78" ordinal="0" offset="0" sl="16" sc="3" el="16" ec="4" bec="0" bev="0" fileid="3" />
            </Method>
            <Method visited="false" cyclomaticComplexity="1" nPathComplexity="0" sequenceCoverage="0" branchCoverage="0" crapScore="2" isConstructor="true" isStatic="false" isGetter="false" isSetter="false">
              <Summary numSequencePoints="0" visitedSequencePoints="0" numBranchPoints="0" visitedBranchPoints="0" sequenceCoverage="0" branchCoverage="0" maxCyclomaticComplexity="1" minCyclomaticComplexity="1" maxCrapScore="2" minCrapScore="2" visitedClasses="0" numClasses="0" visitedMethods="0" numMethods="0" />
              <MetadataToken>100663306</MetadataToken>
              <Name>System.Void Assets.GeneralScripts.Dialogue.Tests.PlayerDialogItemTests::.ctor()</Name>
              <SequencePoints />
              <BranchPoints />
              <MethodPoint vc="0" uspid="88" ordinal="0" offset="0" />
            </Method>
          </Methods>
        </Class>
      </Classes>
      <TrackedMethods>
        <TrackedMethod uid="1" token="100663297" name="System.Void Assets.GeneralScripts.Dialogue.Tests.DialogSceneTests::TryConsumeTest_Return()" strategy="MSTestTest" />
        <TrackedMethod uid="2" token="100663298" name="System.Void Assets.GeneralScripts.Dialogue.Tests.DialogSceneTests::TryConsumeTest_Jump()" strategy="MSTestTest" />
        <TrackedMethod uid="3" token="100663299" name="System.Void Assets.GeneralScripts.Dialogue.Tests.DialogSceneTests::TryConsumeTest_OneNPCItem()" strategy="MSTestTest" />
        <TrackedMethod uid="4" token="100663300" name="System.Void Assets.GeneralScripts.Dialogue.Tests.DialogSceneTests::TryConsumeTest_OneNPCAndOnePlayertem()" strategy="MSTestTest" />
        <TrackedMethod uid="5" token="100663302" name="System.Void Assets.GeneralScripts.Dialogue.Tests.NpcDialogItemTests::TryConsumeTest_OneLine()" strategy="MSTestTest" />
        <TrackedMethod uid="6" token="100663303" name="System.Void Assets.GeneralScripts.Dialogue.Tests.NpcDialogItemTests::TryConsumeTest_TwoLines()" strategy="MSTestTest" />
        <TrackedMethod uid="7" token="100663305" name="System.Void Assets.GeneralScripts.Dialogue.Tests.PlayerDialogItemTests::TryConsumeTest_OneLine()" strategy="MSTestTest" />
      </TrackedMethods>
    </Module>
    <Module hash="29-E1-82-20-60-9F-97-86-14-B4-74-9E-47-C6-71-15-47-D3-1F-6B">
      <Summary numSequencePoints="984" visitedSequencePoints="15" numBranchPoints="352" visitedBranchPoints="5" sequenceCoverage="1.52" branchCoverage="1.42" maxCyclomaticComplexity="12" minCyclomaticComplexity="1" maxCrapScore="156" minCrapScore="2" visitedClasses="1" numClasses="52" visitedMethods="2" numMethods="156" />
      <ModulePath>E:\GitHub\SpaceRPG\SpaceRPGTests_new\bin\Debug\Assembly-CSharp.dll</ModulePath>
      <ModuleTime>2017-09-18T05:23:49.6501986Z</ModuleTime>
      <ModuleName>Assembly-CSharp</ModuleName>
      <Files>
        <File uid="7" fullPath="E:\GitHub\SpaceRPG\SpaceRPG\Assets\GeneralScripts\Utility\CharExtension.cs" />
        <File uid="8" fullPath="E:\GitHub\SpaceRPG\SpaceRPG\Assets\GeneralScripts\UI\GalaxyMap\GalaxyMap.cs" />
        <File uid="9" fullPath="E:\GitHub\SpaceRPG\SpaceRPG\Assets\GeneralScripts\UI\GalaxyMap\GalaxyMapBehavior.cs" />
        <File uid="10" fullPath="E:\GitHub\SpaceRPG\SpaceRPG\Assets\GeneralScripts\UI\GalaxyMap\GalaxyMapTile.cs" />
        <File uid="11" fullPath="E:\GitHub\SpaceRPG\SpaceRPG\Assets\GeneralScripts\Dialogue\DialogParser.cs" />
        <File uid="12" fullPath="E:\GitHub\SpaceRPG\SpaceRPG\Assets\GeneralScripts\Dialogue\DialogScene.cs" />
        <File uid="13" fullPath="E:\GitHub\SpaceRPG\SpaceRPG\Assets\GeneralScripts\Dialogue\DialogTag.cs" />
        <File uid="14" fullPath="E:\GitHub\SpaceRPG\SpaceRPG\Assets\GeneralScripts\Dialogue\NpcDialogItem.cs" />
        <File uid="15" fullPath="E:\GitHub\SpaceRPG\SpaceRPG\Assets\GeneralScripts\Dialogue\PlayerDialogItem.cs" />
        <File uid="17" fullPath="E:\GitHub\SpaceRPG\SpaceRPG\Assets\GeneralScripts\Dialogue\scriptStringExtensions.cs" />
        <File uid="18" fullPath="E:\GitHub\SpaceRPG\SpaceRPG\Assets\CombatScripts\BackgroundItem.cs" />
        <File uid="19" fullPath="E:\GitHub\SpaceRPG\SpaceRPG\Assets\CombatScripts\GameController.cs" />
        <File uid="20" fullPath="E:\GitHub\SpaceRPG\SpaceRPG\Assets\CombatScripts\Utility\AngleToVector.cs" />
        <File uid="21" fullPath="E:\GitHub\SpaceRPG\SpaceRPG\Assets\CombatScripts\Utility\CalcAngleDiff.cs" />
        <File uid="22" fullPath="E:\GitHub\SpaceRPG\SpaceRPG\Assets\CombatScripts\Utility\CalcTurnAngle.cs" />
        <File uid="23" fullPath="E:\GitHub\SpaceRPG\SpaceRPG\Assets\CombatScripts\Utility\DelayedSelfDestruct.cs" />
        <File uid="24" fullPath="E:\GitHub\SpaceRPG\SpaceRPG\Assets\CombatScripts\Utility\FloatExtension.cs" />
        <File uid="25" fullPath="E:\GitHub\SpaceRPG\SpaceRPG\Assets\CombatScripts\Utility\GameObjectFinder.cs" />
        <File uid="26" fullPath="E:\GitHub\SpaceRPG\SpaceRPG\Assets\CombatScripts\Utility\InputHelper.cs" />
        <File uid="27" fullPath="E:\GitHub\SpaceRPG\SpaceRPG\Assets\CombatScripts\Utility\RandomNumberGenerator.cs" />
        <File uid="28" fullPath="E:\GitHub\SpaceRPG\SpaceRPG\Assets\CombatScripts\Utility\ScaleBar.cs" />
        <File uid="29" fullPath="E:\GitHub\SpaceRPG\SpaceRPG\Assets\CombatScripts\Utility\Vector2Extension.cs" />
        <File uid="30" fullPath="E:\GitHub\SpaceRPG\SpaceRPG\Assets\CombatScripts\UI\CursorManager.cs" />
        <File uid="31" fullPath="E:\GitHub\SpaceRPG\SpaceRPG\Assets\CombatScripts\UI\MainCamera.cs" />
        <File uid="32" fullPath="E:\GitHub\SpaceRPG\SpaceRPG\Assets\CombatScripts\UI\Minimap.cs" />
        <File uid="33" fullPath="E:\GitHub\SpaceRPG\SpaceRPG\Assets\CombatScripts\UI\MinimapIcon.cs" />
        <File uid="34" fullPath="E:\GitHub\SpaceRPG\SpaceRPG\Assets\CombatScripts\UI\ShipListUI.cs" />
        <File uid="36" fullPath="E:\GitHub\SpaceRPG\SpaceRPG\Assets\CombatScripts\UI\ShipListUIItem.cs" />
        <File uid="37" fullPath="E:\GitHub\SpaceRPG\SpaceRPG\Assets\CombatScripts\UI\SpeedMeterMarker.cs" />
        <File uid="38" fullPath="E:\GitHub\SpaceRPG\SpaceRPG\Assets\CombatScripts\UI\ThrottleHandleUI.cs" />
        <File uid="39" fullPath="E:\GitHub\SpaceRPG\SpaceRPG\Assets\CombatScripts\UI\ToggleButton.cs" />
        <File uid="40" fullPath="E:\GitHub\SpaceRPG\SpaceRPG\Assets\CombatScripts\UI\WeaponSystemUI.cs" />
        <File uid="41" fullPath="E:\GitHub\SpaceRPG\SpaceRPG\Assets\CombatScripts\Ships\AIController.cs" />
        <File uid="42" fullPath="E:\GitHub\SpaceRPG\SpaceRPG\Assets\CombatScripts\Ships\EngineFlame.cs" />
        <File uid="43" fullPath="E:\GitHub\SpaceRPG\SpaceRPG\Assets\CombatScripts\Ships\EngineFlameManager.cs" />
        <File uid="44" fullPath="E:\GitHub\SpaceRPG\SpaceRPG\Assets\CombatScripts\Ships\PlayerController.cs" />
        <File uid="46" fullPath="E:\GitHub\SpaceRPG\SpaceRPG\Assets\CombatScripts\Ships\Ship.cs" />
        <File uid="47" fullPath="E:\GitHub\SpaceRPG\SpaceRPG\Assets\CombatScripts\Ships\ShipController.cs" />
        <File uid="48" fullPath="E:\GitHub\SpaceRPG\SpaceRPG\Assets\CombatScripts\Ships\ShipHealth.cs" />
        <File uid="49" fullPath="E:\GitHub\SpaceRPG\SpaceRPG\Assets\CombatScripts\Ships\Weapons\ShipBallasticWeapon.cs" />
        <File uid="50" fullPath="E:\GitHub\SpaceRPG\SpaceRPG\Assets\CombatScripts\Ships\Weapons\ShipWeapon.cs" />
        <File uid="51" fullPath="E:\GitHub\SpaceRPG\SpaceRPG\Assets\CombatScripts\Ships\Weapons\ShipWeaponSlot.cs" />
        <File uid="52" fullPath="E:\GitHub\SpaceRPG\SpaceRPG\Assets\CombatScripts\Ships\Weapons\ShipWeaponSystem.cs" />
        <File uid="54" fullPath="E:\GitHub\SpaceRPG\SpaceRPG\Assets\CombatScripts\Ships\Weapons\WeaponBallastic.cs" />
        <File uid="55" fullPath="E:\GitHub\SpaceRPG\SpaceRPG\Assets\CombatScripts\Ships\Weapons\WeaponMissile.cs" />
        <File uid="56" fullPath="E:\GitHub\SpaceRPG\SpaceRPG\Assets\CombatScripts\Ships\Weapons\WeaponFireMode\BurstFire.cs" />
        <File uid="58" fullPath="E:\GitHub\SpaceRPG\SpaceRPG\Assets\CombatScripts\Ships\Weapons\WeaponFireMode\SingleFire.cs" />
        <File uid="59" fullPath="E:\GitHub\SpaceRPG\SpaceRPG\Assets\CombatScripts\Ships\Weapons\WeaponFireMode\SpreadFire.cs" />
        <File uid="60" fullPath="E:\GitHub\SpaceRPG\SpaceRPG\Assets\CombatScripts\Settings\UIButtonColor.cs" />
      </Files>
      <Classes>
        <Class>
          <Summary numSequencePoints="12" visitedSequencePoints="0" numBranchPoints="6" visitedBranchPoints="0" sequenceCoverage="0" branchCoverage="0" maxCyclomaticComplexity="2" minCyclomaticComplexity="2" maxCrapScore="6" minCrapScore="6" visitedClasses="0" numClasses="1" visitedMethods="0" numMethods="4" />
          <FullName>Assets.GeneralScripts.Utility.CharExtension</FullName>
          <Methods>
            <Method visited="false" cyclomaticComplexity="2" nPathComplexity="0" sequenceCoverage="0" branchCoverage="0" crapScore="6" isConstructor="false" isStatic="true" isGetter="false" isSetter="false">
              <Summary numSequencePoints="3" visitedSequencePoints="0" numBranchPoints="1" visitedBranchPoints="0" sequenceCoverage="0" branchCoverage="0" maxCyclomaticComplexity="2" minCyclomaticComplexity="2" maxCrapScore="6" minCrapScore="6" visitedClasses="0" numClasses="0" visitedMethods="0" numMethods="1" />
              <MetadataToken>100663297</MetadataToken>
              <Name>System.Boolean Assets.GeneralScripts.Utility.CharExtension::IsDigit(System.Char)</Name>
              <FileRef uid="7" />
              <SequencePoints>
                <SequencePoint vc="0" uspid="89" ordinal="0" offset="0" sl="29" sc="3" el="29" ec="4" bec="0" bev="0" fileid="7" />
                <SequencePoint vc="0" uspid="90" ordinal="1" offset="1" sl="30" sc="4" el="30" ec="38" bec="0" bev="0" fileid="7" />
                <SequencePoint vc="0" uspid="91" ordinal="2" offset="20" sl="31" sc="3" el="31" ec="4" bec="0" bev="0" fileid="7" />
              </SequencePoints>
              <BranchPoints />
              <MethodPoint xsi:type="SequencePoint" vc="0" uspid="89" ordinal="0" offset="0" sl="29" sc="3" el="29" ec="4" bec="0" bev="0" fileid="7" />
            </Method>
            <Method visited="false" cyclomaticComplexity="2" nPathComplexity="0" sequenceCoverage="0" branchCoverage="0" crapScore="6" isConstructor="false" isStatic="true" isGetter="false" isSetter="false">
              <Summary numSequencePoints="3" visitedSequencePoints="0" numBranchPoints="1" visitedBranchPoints="0" sequenceCoverage="0" branchCoverage="0" maxCyclomaticComplexity="2" minCyclomaticComplexity="2" maxCrapScore="6" minCrapScore="6" visitedClasses="0" numClasses="0" visitedMethods="0" numMethods="1" />
              <MetadataToken>100663298</MetadataToken>
              <Name>System.Boolean Assets.GeneralScripts.Utility.CharExtension::IsLowercaseLetter(System.Char)</Name>
              <FileRef uid="7" />
              <SequencePoints>
                <SequencePoint vc="0" uspid="94" ordinal="0" offset="0" sl="39" sc="3" el="39" ec="4" bec="0" bev="0" fileid="7" />
                <SequencePoint vc="0" uspid="95" ordinal="1" offset="1" sl="40" sc="4" el="40" ec="38" bec="0" bev="0" fileid="7" />
                <SequencePoint vc="0" uspid="96" ordinal="2" offset="20" sl="41" sc="3" el="41" ec="4" bec="0" bev="0" fileid="7" />
              </SequencePoints>
              <BranchPoints />
              <MethodPoint xsi:type="SequencePoint" vc="0" uspid="94" ordinal="0" offset="0" sl="39" sc="3" el="39" ec="4" bec="0" bev="0" fileid="7" />
            </Method>
            <Method visited="false" cyclomaticComplexity="2" nPathComplexity="0" sequenceCoverage="0" branchCoverage="0" crapScore="6" isConstructor="false" isStatic="true" isGetter="false" isSetter="false">
              <Summary numSequencePoints="3" visitedSequencePoints="0" numBranchPoints="1" visitedBranchPoints="0" sequenceCoverage="0" branchCoverage="0" maxCyclomaticComplexity="2" minCyclomaticComplexity="2" maxCrapScore="6" minCrapScore="6" visitedClasses="0" numClasses="0" visitedMethods="0" numMethods="1" />
              <MetadataToken>100663299</MetadataToken>
              <Name>System.Boolean Assets.GeneralScripts.Utility.CharExtension::IsUppercaseLetter(System.Char)</Name>
              <FileRef uid="7" />
              <SequencePoints>
                <SequencePoint vc="0" uspid="99" ordinal="0" offset="0" sl="49" sc="3" el="49" ec="4" bec="0" bev="0" fileid="7" />
                <SequencePoint vc="0" uspid="100" ordinal="1" offset="1" sl="50" sc="4" el="50" ec="36" bec="0" bev="0" fileid="7" />
                <SequencePoint vc="0" uspid="101" ordinal="2" offset="20" sl="51" sc="3" el="51" ec="4" bec="0" bev="0" fileid="7" />
              </SequencePoints>
              <BranchPoints />
              <MethodPoint xsi:type="SequencePoint" vc="0" uspid="99" ordinal="0" offset="0" sl="49" sc="3" el="49" ec="4" bec="0" bev="0" fileid="7" />
            </Method>
            <Method visited="false" cyclomaticComplexity="2" nPathComplexity="2" sequenceCoverage="0" branchCoverage="0" crapScore="6" isConstructor="false" isStatic="true" isGetter="false" isSetter="false">
              <Summary numSequencePoints="3" visitedSequencePoints="0" numBranchPoints="3" visitedBranchPoints="0" sequenceCoverage="0" branchCoverage="0" maxCyclomaticComplexity="2" minCyclomaticComplexity="2" maxCrapScore="6" minCrapScore="6" visitedClasses="0" numClasses="0" visitedMethods="0" numMethods="1" />
              <MetadataToken>100663300</MetadataToken>
              <Name>System.Boolean Assets.GeneralScripts.Utility.CharExtension::IsLetter(System.Char)</Name>
              <FileRef uid="7" />
              <SequencePoints>
                <SequencePoint vc="0" uspid="104" ordinal="0" offset="0" sl="59" sc="3" el="59" ec="4" bec="0" bev="0" fileid="7" />
                <SequencePoint vc="0" uspid="105" ordinal="1" offset="1" sl="60" sc="4" el="60" ec="60" bec="2" bev="0" fileid="7" />
                <SequencePoint vc="0" uspid="106" ordinal="2" offset="21" sl="61" sc="3" el="61" ec="4" bec="0" bev="0" fileid="7" />
              </SequencePoints>
              <BranchPoints>
                <BranchPoint vc="0" uspid="107" ordinal="0" offset="7" sl="60" path="0" offsetend="9" fileid="7" />
                <BranchPoint vc="0" uspid="108" ordinal="1" offset="7" sl="60" path="1" offsetend="17" fileid="7" />
              </BranchPoints>
              <MethodPoint xsi:type="SequencePoint" vc="0" uspid="104" ordinal="0" offset="0" sl="59" sc="3" el="59" ec="4" bec="0" bev="0" fileid="7" />
            </Method>
          </Methods>
        </Class>
        <Class>
          <Summary numSequencePoints="0" visitedSequencePoints="0" numBranchPoints="0" visitedBranchPoints="0" sequenceCoverage="0" branchCoverage="0" maxCyclomaticComplexity="1" minCyclomaticComplexity="1" maxCrapScore="2" minCrapScore="2" visitedClasses="0" numClasses="0" visitedMethods="0" numMethods="0" />
          <FullName>Assets.GeneralScripts.UI.GalaxyMap.GalaxyMap</FullName>
          <Methods>
            <Method skippedDueTo="AutoImplementedProperty" visited="false" cyclomaticComplexity="1" nPathComplexity="0" sequenceCoverage="0" branchCoverage="0" crapScore="0" isConstructor="false" isStatic="false" isGetter="true" isSetter="false">
              <MetadataToken>100663301</MetadataToken>
              <Name>Assets.GeneralScripts.UI.GalaxyMap.GalaxyMapTile[0...,0...] Assets.GeneralScripts.UI.GalaxyMap.GalaxyMap::get_Tiles()</Name>
              <FileRef uid="8" />
              <SequencePoints />
              <BranchPoints />
            </Method>
            <Method skippedDueTo="AutoImplementedProperty" visited="false" cyclomaticComplexity="1" nPathComplexity="0" sequenceCoverage="0" branchCoverage="0" crapScore="0" isConstructor="false" isStatic="false" isGetter="false" isSetter="true">
              <MetadataToken>100663302</MetadataToken>
              <Name>System.Void Assets.GeneralScripts.UI.GalaxyMap.GalaxyMap::set_Tiles(Assets.GeneralScripts.UI.GalaxyMap.GalaxyMapTile[0...,0...])</Name>
              <FileRef uid="8" />
              <SequencePoints />
              <BranchPoints />
            </Method>
            <Method visited="false" cyclomaticComplexity="1" nPathComplexity="0" sequenceCoverage="0" branchCoverage="0" crapScore="2" isConstructor="true" isStatic="false" isGetter="false" isSetter="false">
              <Summary numSequencePoints="0" visitedSequencePoints="0" numBranchPoints="0" visitedBranchPoints="0" sequenceCoverage="0" branchCoverage="0" maxCyclomaticComplexity="1" minCyclomaticComplexity="1" maxCrapScore="2" minCrapScore="2" visitedClasses="0" numClasses="0" visitedMethods="0" numMethods="0" />
              <MetadataToken>100663303</MetadataToken>
              <Name>System.Void Assets.GeneralScripts.UI.GalaxyMap.GalaxyMap::.ctor()</Name>
              <SequencePoints />
              <BranchPoints />
              <MethodPoint vc="0" uspid="109" ordinal="0" offset="0" />
            </Method>
          </Methods>
        </Class>
        <Class>
          <Summary numSequencePoints="3" visitedSequencePoints="0" numBranchPoints="1" visitedBranchPoints="0" sequenceCoverage="0" branchCoverage="0" maxCyclomaticComplexity="1" minCyclomaticComplexity="1" maxCrapScore="2" minCrapScore="2" visitedClasses="0" numClasses="1" visitedMethods="0" numMethods="1" />
          <FullName>Assets.GeneralScripts.UI.GalaxyMap.GalaxyMapBehavior</FullName>
          <Methods>
            <Method skippedDueTo="AutoImplementedProperty" visited="false" cyclomaticComplexity="1" nPathComplexity="0" sequenceCoverage="0" branchCoverage="0" crapScore="0" isConstructor="false" isStatic="false" isGetter="true" isSetter="false">
              <MetadataToken>100663304</MetadataToken>
              <Name>Assets.GeneralScripts.UI.GalaxyMap.GalaxyMap Assets.GeneralScripts.UI.GalaxyMap.GalaxyMapBehavior::get_Map()</Name>
              <FileRef uid="9" />
              <SequencePoints />
              <BranchPoints />
            </Method>
            <Method skippedDueTo="AutoImplementedProperty" visited="false" cyclomaticComplexity="1" nPathComplexity="0" sequenceCoverage="0" branchCoverage="0" crapScore="0" isConstructor="false" isStatic="false" isGetter="false" isSetter="true">
              <MetadataToken>100663305</MetadataToken>
              <Name>System.Void Assets.GeneralScripts.UI.GalaxyMap.GalaxyMapBehavior::set_Map(Assets.GeneralScripts.UI.GalaxyMap.GalaxyMap)</Name>
              <FileRef uid="9" />
              <SequencePoints />
              <BranchPoints />
            </Method>
            <Method visited="false" cyclomaticComplexity="1" nPathComplexity="0" sequenceCoverage="0" branchCoverage="0" crapScore="2" isConstructor="false" isStatic="false" isGetter="false" isSetter="false">
              <Summary numSequencePoints="3" visitedSequencePoints="0" numBranchPoints="1" visitedBranchPoints="0" sequenceCoverage="0" branchCoverage="0" maxCyclomaticComplexity="1" minCyclomaticComplexity="1" maxCrapScore="2" minCrapScore="2" visitedClasses="0" numClasses="0" visitedMethods="0" numMethods="1" />
              <MetadataToken>100663306</MetadataToken>
              <Name>System.Void Assets.GeneralScripts.UI.GalaxyMap.GalaxyMapBehavior::Start()</Name>
              <FileRef uid="9" />
              <SequencePoints>
                <SequencePoint vc="0" uspid="110" ordinal="0" offset="0" sl="29" sc="9" el="29" ec="10" bec="0" bev="0" fileid="9" />
                <SequencePoint vc="0" uspid="111" ordinal="1" offset="1" sl="30" sc="13" el="30" ec="40" bec="0" bev="0" fileid="9" />
                <SequencePoint vc="0" uspid="112" ordinal="2" offset="13" sl="31" sc="9" el="31" ec="10" bec="0" bev="0" fileid="9" />
              </SequencePoints>
              <BranchPoints />
              <MethodPoint xsi:type="SequencePoint" vc="0" uspid="110" ordinal="0" offset="0" sl="29" sc="9" el="29" ec="10" bec="0" bev="0" fileid="9" />
            </Method>
            <Method visited="false" cyclomaticComplexity="1" nPathComplexity="0" sequenceCoverage="0" branchCoverage="0" crapScore="2" isConstructor="true" isStatic="false" isGetter="false" isSetter="false">
              <Summary numSequencePoints="0" visitedSequencePoints="0" numBranchPoints="0" visitedBranchPoints="0" sequenceCoverage="0" branchCoverage="0" maxCyclomaticComplexity="1" minCyclomaticComplexity="1" maxCrapScore="2" minCrapScore="2" visitedClasses="0" numClasses="0" visitedMethods="0" numMethods="0" />
              <MetadataToken>100663307</MetadataToken>
              <Name>System.Void Assets.GeneralScripts.UI.GalaxyMap.GalaxyMapBehavior::.ctor()</Name>
              <SequencePoints />
              <BranchPoints />
              <MethodPoint vc="0" uspid="113" ordinal="0" offset="0" />
            </Method>
          </Methods>
        </Class>
        <Class>
          <Summary numSequencePoints="0" visitedSequencePoints="0" numBranchPoints="0" visitedBranchPoints="0" sequenceCoverage="0" branchCoverage="0" maxCyclomaticComplexity="1" minCyclomaticComplexity="1" maxCrapScore="2" minCrapScore="2" visitedClasses="0" numClasses="0" visitedMethods="0" numMethods="0" />
          <FullName>Assets.GeneralScripts.UI.GalaxyMap.GalaxyMapTile</FullName>
          <Methods>
            <Method skippedDueTo="AutoImplementedProperty" visited="false" cyclomaticComplexity="1" nPathComplexity="0" sequenceCoverage="0" branchCoverage="0" crapScore="0" isConstructor="false" isStatic="false" isGetter="true" isSetter="false">
              <MetadataToken>100663308</MetadataToken>
              <Name>Assetss.GeneralScripts.UI.GalaxyMap.GalaxyMapTileEnum Assets.GeneralScripts.UI.GalaxyMap.GalaxyMapTile::get_TileType()</Name>
              <FileRef uid="10" />
              <SequencePoints />
              <BranchPoints />
            </Method>
            <Method skippedDueTo="AutoImplementedProperty" visited="false" cyclomaticComplexity="1" nPathComplexity="0" sequenceCoverage="0" branchCoverage="0" crapScore="0" isConstructor="false" isStatic="false" isGetter="false" isSetter="true">
              <MetadataToken>100663309</MetadataToken>
              <Name>System.Void Assets.GeneralScripts.UI.GalaxyMap.GalaxyMapTile::set_TileType(Assetss.GeneralScripts.UI.GalaxyMap.GalaxyMapTileEnum)</Name>
              <FileRef uid="10" />
              <SequencePoints />
              <BranchPoints />
            </Method>
            <Method visited="false" cyclomaticComplexity="1" nPathComplexity="0" sequenceCoverage="0" branchCoverage="0" crapScore="2" isConstructor="true" isStatic="false" isGetter="false" isSetter="false">
              <Summary numSequencePoints="0" visitedSequencePoints="0" numBranchPoints="0" visitedBranchPoints="0" sequenceCoverage="0" branchCoverage="0" maxCyclomaticComplexity="1" minCyclomaticComplexity="1" maxCrapScore="2" minCrapScore="2" visitedClasses="0" numClasses="0" visitedMethods="0" numMethods="0" />
              <MetadataToken>100663310</MetadataToken>
              <Name>System.Void Assets.GeneralScripts.UI.GalaxyMap.GalaxyMapTile::.ctor()</Name>
              <SequencePoints />
              <BranchPoints />
              <MethodPoint vc="0" uspid="114" ordinal="0" offset="0" />
            </Method>
          </Methods>
        </Class>
        <Class>
          <Summary numSequencePoints="3" visitedSequencePoints="0" numBranchPoints="1" visitedBranchPoints="0" sequenceCoverage="0" branchCoverage="0" maxCyclomaticComplexity="1" minCyclomaticComplexity="1" maxCrapScore="2" minCrapScore="2" visitedClasses="0" numClasses="1" visitedMethods="0" numMethods="1" />
          <FullName>Assets.GeneralScripts.Dialogue.DialogParser</FullName>
          <Methods>
            <Method visited="false" cyclomaticComplexity="1" nPathComplexity="0" sequenceCoverage="0" branchCoverage="0" crapScore="2" isConstructor="false" isStatic="true" isGetter="false" isSetter="false">
              <Summary numSequencePoints="3" visitedSequencePoints="0" numBranchPoints="1" visitedBranchPoints="0" sequenceCoverage="0" branchCoverage="0" maxCyclomaticComplexity="1" minCyclomaticComplexity="1" maxCrapScore="2" minCrapScore="2" visitedClasses="0" numClasses="0" visitedMethods="0" numMethods="1" />
              <MetadataToken>100663311</MetadataToken>
              <Name>System.Collections.Generic.IList`1&lt;System.String&gt; Assets.GeneralScripts.Dialogue.DialogParser::TryParse(System.String)</Name>
              <FileRef uid="11" />
              <SequencePoints>
                <SequencePoint vc="0" uspid="115" ordinal="0" offset="0" sl="16" sc="9" el="16" ec="10" bec="0" bev="0" fileid="11" />
                <SequencePoint vc="0" uspid="116" ordinal="1" offset="1" sl="17" sc="13" el="17" ec="25" bec="0" bev="0" fileid="11" />
                <SequencePoint vc="0" uspid="117" ordinal="2" offset="5" sl="18" sc="9" el="18" ec="10" bec="0" bev="0" fileid="11" />
              </SequencePoints>
              <BranchPoints />
              <MethodPoint xsi:type="SequencePoint" vc="0" uspid="115" ordinal="0" offset="0" sl="16" sc="9" el="16" ec="10" bec="0" bev="0" fileid="11" />
            </Method>
          </Methods>
        </Class>
        <Class>
          <Summary numSequencePoints="44" visitedSequencePoints="0" numBranchPoints="19" visitedBranchPoints="0" sequenceCoverage="0" branchCoverage="0" maxCyclomaticComplexity="10" minCyclomaticComplexity="1" maxCrapScore="110" minCrapScore="2" visitedClasses="0" numClasses="1" visitedMethods="0" numMethods="3" />
          <FullName>Assets.GeneralScripts.Dialogue.DialogScene</FullName>
          <Methods>
            <Method skippedDueTo="AutoImplementedProperty" visited="false" cyclomaticComplexity="1" nPathComplexity="0" sequenceCoverage="0" branchCoverage="0" crapScore="0" isConstructor="false" isStatic="false" isGetter="true" isSetter="false">
              <MetadataToken>100663312</MetadataToken>
              <Name>System.Collections.Generic.IList`1&lt;Assets.GeneralScripts.Dialogue.IDialogItem&gt; Assets.GeneralScripts.Dialogue.DialogScene::get_Dialogues()</Name>
              <FileRef uid="12" />
              <SequencePoints />
              <BranchPoints />
            </Method>
            <Method skippedDueTo="AutoImplementedProperty" visited="false" cyclomaticComplexity="1" nPathComplexity="0" sequenceCoverage="0" branchCoverage="0" crapScore="0" isConstructor="false" isStatic="false" isGetter="false" isSetter="true">
              <MetadataToken>100663313</MetadataToken>
              <Name>System.Void Assets.GeneralScripts.Dialogue.DialogScene::set_Dialogues(System.Collections.Generic.IList`1&lt;Assets.GeneralScripts.Dialogue.IDialogItem&gt;)</Name>
              <FileRef uid="12" />
              <SequencePoints />
              <BranchPoints />
            </Method>
            <Method visited="false" cyclomaticComplexity="1" nPathComplexity="0" sequenceCoverage="0" branchCoverage="0" crapScore="2" isConstructor="true" isStatic="false" isGetter="false" isSetter="false">
              <Summary numSequencePoints="5" visitedSequencePoints="0" numBranchPoints="1" visitedBranchPoints="0" sequenceCoverage="0" branchCoverage="0" maxCyclomaticComplexity="1" minCyclomaticComplexity="1" maxCrapScore="2" minCrapScore="2" visitedClasses="0" numClasses="0" visitedMethods="0" numMethods="1" />
              <MetadataToken>100663314</MetadataToken>
              <Name>System.Void Assets.GeneralScripts.Dialogue.DialogScene::.ctor()</Name>
              <FileRef uid="12" />
              <SequencePoints>
                <SequencePoint vc="0" uspid="118" ordinal="0" offset="0" sl="57" sc="9" el="57" ec="29" bec="0" bev="0" fileid="12" />
                <SequencePoint vc="0" uspid="119" ordinal="1" offset="7" sl="58" sc="9" el="58" ec="10" bec="0" bev="0" fileid="12" />
                <SequencePoint vc="0" uspid="120" ordinal="2" offset="8" sl="59" sc="13" el="59" ec="54" bec="0" bev="0" fileid="12" />
                <SequencePoint vc="0" uspid="121" ordinal="3" offset="20" sl="60" sc="4" el="60" ec="31" bec="0" bev="0" fileid="12" />
                <SequencePoint vc="0" uspid="122" ordinal="4" offset="27" sl="61" sc="9" el="61" ec="10" bec="0" bev="0" fileid="12" />
              </SequencePoints>
              <BranchPoints />
              <MethodPoint xsi:type="SequencePoint" vc="0" uspid="118" ordinal="0" offset="0" sl="57" sc="9" el="57" ec="29" bec="0" bev="0" fileid="12" />
            </Method>
            <Method visited="false" cyclomaticComplexity="10" nPathComplexity="256" sequenceCoverage="0" branchCoverage="0" crapScore="110" isConstructor="false" isStatic="false" isGetter="false" isSetter="false">
              <Summary numSequencePoints="38" visitedSequencePoints="0" numBranchPoints="17" visitedBranchPoints="0" sequenceCoverage="0" branchCoverage="0" maxCyclomaticComplexity="10" minCyclomaticComplexity="10" maxCrapScore="110" minCrapScore="110" visitedClasses="0" numClasses="0" visitedMethods="0" numMethods="1" />
              <MetadataToken>100663315</MetadataToken>
              <Name>System.Boolean Assets.GeneralScripts.Dialogue.DialogScene::TryConsume(System.Collections.Generic.Queue`1&lt;System.String&gt;)</Name>
              <FileRef uid="12" />
              <SequencePoints>
                <SequencePoint vc="0" uspid="123" ordinal="0" offset="0" sl="69" sc="9" el="69" ec="10" bec="0" bev="0" fileid="12" />
                <SequencePoint vc="0" uspid="124" ordinal="1" offset="1" sl="71" sc="4" el="71" ec="28" bec="2" bev="0" fileid="12" />
                <SequencePoint vc="0" uspid="125" ordinal="2" offset="14" sl="72" sc="4" el="72" ec="5" bec="0" bev="0" fileid="12" />
                <SequencePoint vc="0" uspid="126" ordinal="3" offset="15" sl="73" sc="5" el="73" ec="18" bec="0" bev="0" fileid="12" />
                <SequencePoint vc="0" uspid="127" ordinal="4" offset="22" sl="79" sc="4" el="79" ec="92" bec="2" bev="0" fileid="12" />
                <SequencePoint vc="0" uspid="128" ordinal="5" offset="59" sl="80" sc="4" el="80" ec="5" bec="0" bev="0" fileid="12" />
                <SequencePoint vc="0" uspid="129" ordinal="6" offset="60" sl="81" sc="5" el="81" ec="18" bec="0" bev="0" fileid="12" />
                <SequencePoint vc="0" uspid="130" ordinal="7" offset="67" sl="84" sc="4" el="84" ec="39" bec="0" bev="0" fileid="12" />
                <SequencePoint vc="0" uspid="131" ordinal="8" offset="79" sl="85" sc="4" el="85" ec="19" bec="0" bev="0" fileid="12" />
                <SequencePoint vc="0" uspid="132" ordinal="9" offset="91" sl="89" sc="13" el="89" ec="14" bec="0" bev="0" fileid="12" />
                <SequencePoint vc="0" uspid="133" ordinal="10" offset="92" sl="90" sc="5" el="90" ec="68" bec="2" bev="0" fileid="12" />
                <SequencePoint vc="0" uspid="134" ordinal="11" offset="113" sl="91" sc="5" el="91" ec="6" bec="0" bev="0" fileid="12" />
                <SequencePoint vc="0" uspid="135" ordinal="12" offset="114" sl="92" sc="6" el="92" ec="37" bec="2" bev="0" fileid="12" />
                <SequencePoint vc="0" uspid="136" ordinal="13" offset="131" sl="93" sc="6" el="93" ec="7" bec="0" bev="0" fileid="12" />
                <SequencePoint vc="0" uspid="137" ordinal="14" offset="132" sl="94" sc="7" el="94" ec="46" bec="0" bev="0" fileid="12" />
                <SequencePoint vc="0" uspid="138" ordinal="15" offset="144" sl="95" sc="7" el="95" ec="19" bec="0" bev="0" fileid="12" />
                <SequencePoint vc="0" uspid="139" ordinal="16" offset="151" sl="98" sc="6" el="98" ec="35" bec="2" bev="0" fileid="12" />
                <SequencePoint vc="0" uspid="140" ordinal="17" offset="168" sl="99" sc="6" el="99" ec="7" bec="0" bev="0" fileid="12" />
                <SequencePoint vc="0" uspid="141" ordinal="18" offset="169" sl="100" sc="7" el="100" ec="46" bec="0" bev="0" fileid="12" />
                <SequencePoint vc="0" uspid="142" ordinal="19" offset="181" sl="101" sc="7" el="101" ec="19" bec="0" bev="0" fileid="12" />
                <SequencePoint vc="0" uspid="143" ordinal="20" offset="185" sl="103" sc="5" el="103" ec="6" bec="0" bev="0" fileid="12" />
                <SequencePoint vc="0" uspid="144" ordinal="21" offset="186" sl="107" sc="17" el="107" ec="41" bec="2" bev="0" fileid="12" />
                <SequencePoint vc="0" uspid="145" ordinal="22" offset="198" sl="108" sc="17" el="108" ec="18" bec="0" bev="0" fileid="12" />
                <SequencePoint vc="0" uspid="146" ordinal="23" offset="199" sl="109" sc="21" el="109" ec="49" bec="0" bev="0" fileid="12" />
                <SequencePoint vc="0" uspid="147" ordinal="24" offset="206" sl="110" sc="21" el="110" ec="51" bec="0" bev="0" fileid="12" />
                <SequencePoint vc="0" uspid="148" ordinal="25" offset="213" sl="111" sc="17" el="111" ec="18" bec="0" bev="0" fileid="12" />
                <SequencePoint vc="0" uspid="149" ordinal="26" offset="216" sl="113" sc="17" el="113" ec="18" bec="0" bev="0" fileid="12" />
                <SequencePoint vc="0" uspid="150" ordinal="27" offset="217" sl="114" sc="21" el="114" ec="48" bec="0" bev="0" fileid="12" />
                <SequencePoint vc="0" uspid="151" ordinal="28" offset="224" sl="115" sc="21" el="115" ec="54" bec="0" bev="0" fileid="12" />
                <SequencePoint vc="0" uspid="152" ordinal="29" offset="231" sl="116" sc="17" el="116" ec="18" bec="0" bev="0" fileid="12" />
                <SequencePoint vc="0" uspid="153" ordinal="30" offset="232" sl="118" sc="17" el="118" ec="47" bec="2" bev="0" fileid="12" />
                <SequencePoint vc="0" uspid="154" ordinal="31" offset="249" sl="119" sc="17" el="119" ec="18" bec="0" bev="0" fileid="12" />
                <SequencePoint vc="0" uspid="155" ordinal="32" offset="250" sl="120" sc="21" el="120" ec="34" bec="0" bev="0" fileid="12" />
                <SequencePoint vc="0" uspid="156" ordinal="33" offset="254" sl="123" sc="17" el="123" ec="45" bec="0" bev="0" fileid="12" />
                <SequencePoint vc="0" uspid="157" ordinal="34" offset="268" sl="124" sc="13" el="124" ec="14" bec="0" bev="0" fileid="12" />
                <SequencePoint vc="0" uspid="158" ordinal="35" offset="269" sl="88" sc="4" el="88" ec="26" bec="2" bev="0" fileid="12" />
                <SequencePoint vc="0" uspid="159" ordinal="36" offset="287" sl="127" sc="4" el="127" ec="17" bec="0" bev="0" fileid="12" />
                <SequencePoint vc="0" uspid="160" ordinal="37" offset="291" sl="128" sc="9" el="128" ec="10" bec="0" bev="0" fileid="12" />
              </SequencePoints>
              <BranchPoints>
                <BranchPoint vc="0" uspid="161" ordinal="0" offset="12" sl="71" path="0" offsetend="14" fileid="12" />
                <BranchPoint vc="0" uspid="162" ordinal="1" offset="12" sl="71" path="1" offsetend="22" fileid="12" />
                <BranchPoint vc="0" uspid="165" ordinal="4" offset="57" sl="79" path="0" offsetend="59" fileid="12" />
                <BranchPoint vc="0" uspid="166" ordinal="5" offset="57" sl="79" path="1" offsetend="67" fileid="12" />
                <BranchPoint vc="0" uspid="167" ordinal="6" offset="111" sl="90" path="0" offsetend="113" fileid="12" />
                <BranchPoint vc="0" uspid="168" ordinal="7" offset="111" sl="90" path="1" offsetend="186" fileid="12" />
                <BranchPoint vc="0" uspid="169" ordinal="8" offset="129" sl="92" path="0" offsetend="131" fileid="12" />
                <BranchPoint vc="0" uspid="170" ordinal="9" offset="129" sl="92" path="1" offsetend="151" fileid="12" />
                <BranchPoint vc="0" uspid="171" ordinal="10" offset="166" sl="98" path="0" offsetend="168" fileid="12" />
                <BranchPoint vc="0" uspid="172" ordinal="11" offset="166" sl="98" path="1" offsetend="185" fileid="12" />
                <BranchPoint vc="0" uspid="173" ordinal="12" offset="196" sl="107" path="0" offsetend="198" fileid="12" />
                <BranchPoint vc="0" uspid="174" ordinal="13" offset="196" sl="107" path="1" offsetend="216" fileid="12" />
                <BranchPoint vc="0" uspid="175" ordinal="14" offset="247" sl="118" path="0" offsetend="249" fileid="12" />
                <BranchPoint vc="0" uspid="176" ordinal="15" offset="247" sl="118" path="1" offsetend="254" fileid="12" />
                <BranchPoint vc="0" uspid="177" ordinal="16" offset="282" sl="88" path="0" offsetend="287" fileid="12" />
                <BranchPoint vc="0" uspid="178" ordinal="17" offset="282" sl="88" path="1" offsetend="91" fileid="12" />
              </BranchPoints>
              <MethodPoint xsi:type="SequencePoint" vc="0" uspid="123" ordinal="0" offset="0" sl="69" sc="9" el="69" ec="10" bec="0" bev="0" fileid="12" />
            </Method>
            <Method visited="false" cyclomaticComplexity="1" nPathComplexity="0" sequenceCoverage="0" branchCoverage="0" crapScore="2" isConstructor="true" isStatic="true" isGetter="false" isSetter="false">
              <Summary numSequencePoints="1" visitedSequencePoints="0" numBranchPoints="1" visitedBranchPoints="0" sequenceCoverage="0" branchCoverage="0" maxCyclomaticComplexity="1" minCyclomaticComplexity="1" maxCrapScore="2" minCrapScore="2" visitedClasses="0" numClasses="0" visitedMethods="0" numMethods="1" />
              <MetadataToken>100663316</MetadataToken>
              <Name>System.Void Assets.GeneralScripts.Dialogue.DialogScene::.cctor()</Name>
              <FileRef uid="12" />
              <SequencePoints>
                <SequencePoint vc="0" uspid="179" ordinal="0" offset="0" sl="42" sc="3" el="42" ec="60" bec="0" bev="0" fileid="12" />
              </SequencePoints>
              <BranchPoints />
              <MethodPoint xsi:type="SequencePoint" vc="0" uspid="179" ordinal="0" offset="0" sl="42" sc="3" el="42" ec="60" bec="0" bev="0" fileid="12" />
            </Method>
          </Methods>
        </Class>
        <Class>
          <Summary numSequencePoints="16" visitedSequencePoints="0" numBranchPoints="5" visitedBranchPoints="0" sequenceCoverage="0" branchCoverage="0" maxCyclomaticComplexity="4" minCyclomaticComplexity="4" maxCrapScore="20" minCrapScore="20" visitedClasses="0" numClasses="1" visitedMethods="0" numMethods="1" />
          <FullName>Assets.GeneralScripts.Dialogue.DialogTag</FullName>
          <Methods>
            <Method visited="false" cyclomaticComplexity="4" nPathComplexity="4" sequenceCoverage="0" branchCoverage="0" crapScore="20" isConstructor="false" isStatic="true" isGetter="false" isSetter="false">
              <Summary numSequencePoints="16" visitedSequencePoints="0" numBranchPoints="5" visitedBranchPoints="0" sequenceCoverage="0" branchCoverage="0" maxCyclomaticComplexity="4" minCyclomaticComplexity="4" maxCrapScore="20" minCrapScore="20" visitedClasses="0" numClasses="0" visitedMethods="0" numMethods="1" />
              <MetadataToken>100663317</MetadataToken>
              <Name>System.Boolean Assets.GeneralScripts.Dialogue.DialogTag::TryParse(System.String,System.String&amp;,System.String&amp;)</Name>
              <FileRef uid="13" />
              <SequencePoints>
                <SequencePoint vc="0" uspid="180" ordinal="0" offset="0" sl="22" sc="3" el="22" ec="4" bec="0" bev="0" fileid="13" />
                <SequencePoint vc="0" uspid="181" ordinal="1" offset="1" sl="23" sc="4" el="23" ec="24" bec="0" bev="0" fileid="13" />
                <SequencePoint vc="0" uspid="182" ordinal="2" offset="8" sl="24" sc="4" el="24" ec="25" bec="0" bev="0" fileid="13" />
                <SequencePoint vc="0" uspid="183" ordinal="3" offset="15" sl="27" sc="4" el="27" ec="17" bec="0" bev="0" fileid="13" />
                <SequencePoint vc="0" uspid="184" ordinal="4" offset="22" sl="30" sc="4" el="30" ec="52" bec="2" bev="0" fileid="13" />
                <SequencePoint vc="0" uspid="185" ordinal="5" offset="52" sl="31" sc="4" el="31" ec="5" bec="0" bev="0" fileid="13" />
                <SequencePoint vc="0" uspid="186" ordinal="6" offset="53" sl="32" sc="5" el="32" ec="18" bec="0" bev="0" fileid="13" />
                <SequencePoint vc="0" uspid="187" ordinal="7" offset="57" sl="35" sc="4" el="35" ec="49" bec="0" bev="0" fileid="13" />
                <SequencePoint vc="0" uspid="188" ordinal="8" offset="74" sl="38" sc="4" el="38" ec="33" bec="0" bev="0" fileid="13" />
                <SequencePoint vc="0" uspid="189" ordinal="9" offset="92" sl="39" sc="4" el="39" ec="20" bec="0" bev="0" fileid="13" />
                <SequencePoint vc="0" uspid="190" ordinal="10" offset="97" sl="40" sc="4" el="40" ec="25" bec="2" bev="0" fileid="13" />
                <SequencePoint vc="0" uspid="191" ordinal="11" offset="107" sl="41" sc="4" el="41" ec="5" bec="0" bev="0" fileid="13" />
                <SequencePoint vc="0" uspid="192" ordinal="12" offset="108" sl="42" sc="5" el="42" ec="22" bec="0" bev="0" fileid="13" />
                <SequencePoint vc="0" uspid="193" ordinal="13" offset="113" sl="43" sc="4" el="43" ec="5" bec="0" bev="0" fileid="13" />
                <SequencePoint vc="0" uspid="194" ordinal="14" offset="114" sl="45" sc="4" el="45" ec="16" bec="0" bev="0" fileid="13" />
                <SequencePoint vc="0" uspid="195" ordinal="15" offset="118" sl="46" sc="3" el="46" ec="4" bec="0" bev="0" fileid="13" />
              </SequencePoints>
              <BranchPoints>
                <BranchPoint vc="0" uspid="198" ordinal="2" offset="50" sl="30" path="0" offsetend="52" fileid="13" />
                <BranchPoint vc="0" uspid="199" ordinal="3" offset="50" sl="30" path="1" offsetend="57" fileid="13" />
                <BranchPoint vc="0" uspid="200" ordinal="4" offset="105" sl="40" path="0" offsetend="107" fileid="13" />
                <BranchPoint vc="0" uspid="201" ordinal="5" offset="105" sl="40" path="1" offsetend="114" fileid="13" />
              </BranchPoints>
              <MethodPoint xsi:type="SequencePoint" vc="0" uspid="180" ordinal="0" offset="0" sl="22" sc="3" el="22" ec="4" bec="0" bev="0" fileid="13" />
            </Method>
          </Methods>
        </Class>
        <Class>
          <Summary numSequencePoints="16" visitedSequencePoints="15" numBranchPoints="6" visitedBranchPoints="5" sequenceCoverage="93.75" branchCoverage="83.33" maxCyclomaticComplexity="5" minCyclomaticComplexity="1" maxCrapScore="5.01" minCrapScore="1" visitedClasses="1" numClasses="1" visitedMethods="2" numMethods="2" />
          <FullName>Assets.GeneralScripts.Dialogue.NpcDialogItem</FullName>
          <Methods>
            <Method skippedDueTo="AutoImplementedProperty" visited="false" cyclomaticComplexity="1" nPathComplexity="0" sequenceCoverage="0" branchCoverage="0" crapScore="0" isConstructor="false" isStatic="false" isGetter="true" isSetter="false">
              <MetadataToken>100663319</MetadataToken>
              <Name>System.Collections.Generic.IList`1&lt;System.String&gt; Assets.GeneralScripts.Dialogue.NpcDialogItem::get_Pages()</Name>
              <FileRef uid="14" />
              <SequencePoints />
              <BranchPoints />
            </Method>
            <Method skippedDueTo="AutoImplementedProperty" visited="false" cyclomaticComplexity="1" nPathComplexity="0" sequenceCoverage="0" branchCoverage="0" crapScore="0" isConstructor="false" isStatic="false" isGetter="false" isSetter="true">
              <MetadataToken>100663320</MetadataToken>
              <Name>System.Void Assets.GeneralScripts.Dialogue.NpcDialogItem::set_Pages(System.Collections.Generic.IList`1&lt;System.String&gt;)</Name>
              <FileRef uid="14" />
              <SequencePoints />
              <BranchPoints />
            </Method>
            <Method visited="true" cyclomaticComplexity="1" nPathComplexity="0" sequenceCoverage="100" branchCoverage="100" crapScore="1" isConstructor="true" isStatic="false" isGetter="false" isSetter="false">
              <Summary numSequencePoints="4" visitedSequencePoints="4" numBranchPoints="1" visitedBranchPoints="1" sequenceCoverage="100" branchCoverage="100" maxCyclomaticComplexity="1" minCyclomaticComplexity="1" maxCrapScore="1" minCrapScore="1" visitedClasses="0" numClasses="0" visitedMethods="1" numMethods="1" />
              <MetadataToken>100663321</MetadataToken>
              <Name>System.Void Assets.GeneralScripts.Dialogue.NpcDialogItem::.ctor()</Name>
              <FileRef uid="14" />
              <SequencePoints>
                <SequencePoint vc="2" uspid="202" ordinal="0" offset="0" sl="18" sc="9" el="18" ec="31" bec="0" bev="0" fileid="14">
                  <TrackedMethodRefs>
                    <TrackedMethodRef uid="5" vc="1" />
                    <TrackedMethodRef uid="6" vc="1" />
                  </TrackedMethodRefs>
                </SequencePoint>
                <SequencePoint vc="2" uspid="203" ordinal="1" offset="7" sl="19" sc="9" el="19" ec="10" bec="0" bev="0" fileid="14">
                  <TrackedMethodRefs>
                    <TrackedMethodRef uid="5" vc="1" />
                    <TrackedMethodRef uid="6" vc="1" />
                  </TrackedMethodRefs>
                </SequencePoint>
                <SequencePoint vc="2" uspid="204" ordinal="2" offset="8" sl="20" sc="13" el="20" ec="45" bec="0" bev="0" fileid="14">
                  <TrackedMethodRefs>
                    <TrackedMethodRef uid="5" vc="1" />
                    <TrackedMethodRef uid="6" vc="1" />
                  </TrackedMethodRefs>
                </SequencePoint>
                <SequencePoint vc="2" uspid="205" ordinal="3" offset="20" sl="21" sc="9" el="21" ec="10" bec="0" bev="0" fileid="14">
                  <TrackedMethodRefs>
                    <TrackedMethodRef uid="5" vc="1" />
                    <TrackedMethodRef uid="6" vc="1" />
                  </TrackedMethodRefs>
                </SequencePoint>
              </SequencePoints>
              <BranchPoints />
              <MethodPoint xsi:type="SequencePoint" vc="2" uspid="202" ordinal="0" offset="0" sl="18" sc="9" el="18" ec="31" bec="0" bev="0" fileid="14">
                <TrackedMethodRefs>
                  <TrackedMethodRef uid="5" vc="1" />
                  <TrackedMethodRef uid="6" vc="1" />
                </TrackedMethodRefs>
              </MethodPoint>
            </Method>
            <Method visited="true" cyclomaticComplexity="5" nPathComplexity="4" sequenceCoverage="91.67" branchCoverage="80" crapScore="5.01" isConstructor="false" isStatic="false" isGetter="false" isSetter="false">
              <Summary numSequencePoints="12" visitedSequencePoints="11" numBranchPoints="5" visitedBranchPoints="4" sequenceCoverage="91.67" branchCoverage="80" maxCyclomaticComplexity="5" minCyclomaticComplexity="5" maxCrapScore="5.01" minCrapScore="5.01" visitedClasses="0" numClasses="0" visitedMethods="1" numMethods="1" />
              <MetadataToken>100663322</MetadataToken>
              <Name>System.Boolean Assets.GeneralScripts.Dialogue.NpcDialogItem::TryConsume(System.Collections.Generic.Queue`1&lt;System.String&gt;)</Name>
              <FileRef uid="14" />
              <SequencePoints>
                <SequencePoint vc="2" uspid="206" ordinal="0" offset="0" sl="29" sc="9" el="29" ec="10" bec="0" bev="0" fileid="14">
                  <TrackedMethodRefs>
                    <TrackedMethodRef uid="5" vc="1" />
                    <TrackedMethodRef uid="6" vc="1" />
                  </TrackedMethodRefs>
                </SequencePoint>
                <SequencePoint vc="5" uspid="207" ordinal="1" offset="3" sl="32" sc="4" el="32" ec="5" bec="0" bev="0" fileid="14">
                  <TrackedMethodRefs>
                    <TrackedMethodRef uid="5" vc="2" />
                    <TrackedMethodRef uid="6" vc="3" />
                  </TrackedMethodRefs>
                </SequencePoint>
                <SequencePoint vc="5" uspid="208" ordinal="2" offset="4" sl="33" sc="5" el="33" ec="31" bec="0" bev="0" fileid="14">
                  <TrackedMethodRefs>
                    <TrackedMethodRef uid="5" vc="2" />
                    <TrackedMethodRef uid="6" vc="3" />
                  </TrackedMethodRefs>
                </SequencePoint>
                <SequencePoint vc="5" uspid="209" ordinal="3" offset="11" sl="36" sc="5" el="36" ec="102" bec="2" bev="2" fileid="14">
                  <TrackedMethodRefs>
                    <TrackedMethodRef uid="5" vc="2" />
                    <TrackedMethodRef uid="6" vc="3" />
                  </TrackedMethodRefs>
                </SequencePoint>
                <SequencePoint vc="2" uspid="210" ordinal="4" offset="55" sl="37" sc="5" el="37" ec="6" bec="0" bev="0" fileid="14">
                  <TrackedMethodRefs>
                    <TrackedMethodRef uid="5" vc="1" />
                    <TrackedMethodRef uid="6" vc="1" />
                  </TrackedMethodRefs>
                </SequencePoint>
                <SequencePoint vc="2" uspid="211" ordinal="5" offset="56" sl="39" sc="6" el="39" ec="34" bec="0" bev="0" fileid="14">
                  <TrackedMethodRefs>
                    <TrackedMethodRef uid="5" vc="1" />
                    <TrackedMethodRef uid="6" vc="1" />
                  </TrackedMethodRefs>
                </SequencePoint>
                <SequencePoint vc="3" uspid="212" ordinal="6" offset="73" sl="42" sc="5" el="42" ec="29" bec="0" bev="0" fileid="14">
                  <TrackedMethodRefs>
                    <TrackedMethodRef uid="5" vc="1" />
                    <TrackedMethodRef uid="6" vc="2" />
                  </TrackedMethodRefs>
                </SequencePoint>
                <SequencePoint vc="3" uspid="213" ordinal="7" offset="86" sl="43" sc="5" el="43" ec="20" bec="0" bev="0" fileid="14">
                  <TrackedMethodRefs>
                    <TrackedMethodRef uid="5" vc="1" />
                    <TrackedMethodRef uid="6" vc="2" />
                  </TrackedMethodRefs>
                </SequencePoint>
                <SequencePoint vc="3" uspid="214" ordinal="8" offset="93" sl="44" sc="4" el="44" ec="5" bec="0" bev="0" fileid="14">
                  <TrackedMethodRefs>
                    <TrackedMethodRef uid="5" vc="1" />
                    <TrackedMethodRef uid="6" vc="2" />
                  </TrackedMethodRefs>
                </SequencePoint>
                <SequencePoint vc="5" uspid="215" ordinal="9" offset="94" sl="31" sc="4" el="31" ec="26" bec="2" bev="1" fileid="14">
                  <TrackedMethodRefs>
                    <TrackedMethodRef uid="5" vc="2" />
                    <TrackedMethodRef uid="6" vc="3" />
                  </TrackedMethodRefs>
                </SequencePoint>
                <SequencePoint vc="0" uspid="216" ordinal="10" offset="107" sl="47" sc="13" el="47" ec="26" bec="0" bev="0" fileid="14" />
                <SequencePoint vc="2" uspid="217" ordinal="11" offset="111" sl="48" sc="9" el="48" ec="10" bec="0" bev="0" fileid="14">
                  <TrackedMethodRefs>
                    <TrackedMethodRef uid="5" vc="1" />
                    <TrackedMethodRef uid="6" vc="1" />
                  </TrackedMethodRefs>
                </SequencePoint>
              </SequencePoints>
              <BranchPoints>
                <BranchPoint vc="2" uspid="222" ordinal="4" offset="53" sl="36" path="0" offsetend="55" fileid="14">
                  <TrackedMethodRefs>
                    <TrackedMethodRef uid="5" vc="1" />
                    <TrackedMethodRef uid="6" vc="1" />
                  </TrackedMethodRefs>
                </BranchPoint>
                <BranchPoint vc="3" uspid="223" ordinal="5" offset="53" sl="36" path="1" offsetend="73" fileid="14">
                  <TrackedMethodRefs>
                    <TrackedMethodRef uid="5" vc="1" />
                    <TrackedMethodRef uid="6" vc="2" />
                  </TrackedMethodRefs>
                </BranchPoint>
                <BranchPoint vc="0" uspid="224" ordinal="6" offset="105" sl="31" path="0" offsetend="107" fileid="14" />
                <BranchPoint vc="5" uspid="225" ordinal="7" offset="105" sl="31" path="1" offsetend="3" fileid="14">
                  <TrackedMethodRefs>
                    <TrackedMethodRef uid="5" vc="2" />
                    <TrackedMethodRef uid="6" vc="3" />
                  </TrackedMethodRefs>
                </BranchPoint>
              </BranchPoints>
              <MethodPoint xsi:type="SequencePoint" vc="2" uspid="206" ordinal="0" offset="0" sl="29" sc="9" el="29" ec="10" bec="0" bev="0" fileid="14">
                <TrackedMethodRefs>
                  <TrackedMethodRef uid="5" vc="1" />
                  <TrackedMethodRef uid="6" vc="1" />
                </TrackedMethodRefs>
              </MethodPoint>
            </Method>
          </Methods>
        </Class>
        <Class>
[...]
              <MetadataToken>100663523</MetadataToken>
              <Name>System.Object Assets.CombatScripts.Ships.Weapons.WeaponFireMode.BurstFire/&lt;TryBurstFire&gt;d__5::System.Collections.Generic.IEnumerator&lt;System.Object&gt;.get_Current()</Name>
              <SequencePoints />
              <BranchPoints />
              <MethodPoint vc="0" uspid="1311" ordinal="0" offset="0" />
            </Method>
            <Method visited="false" cyclomaticComplexity="1" nPathComplexity="0" sequenceCoverage="0" branchCoverage="0" crapScore="2" isConstructor="false" isStatic="false" isGetter="true" isSetter="false">
              <Summary numSequencePoints="0" visitedSequencePoints="0" numBranchPoints="0" visitedBranchPoints="0" sequenceCoverage="0" branchCoverage="0" maxCyclomaticComplexity="1" minCyclomaticComplexity="1" maxCrapScore="2" minCrapScore="2" visitedClasses="0" numClasses="0" visitedMethods="0" numMethods="0" />
              <MetadataToken>100663525</MetadataToken>
              <Name>System.Object Assets.CombatScripts.Ships.Weapons.WeaponFireMode.BurstFire/&lt;TryBurstFire&gt;d__5::System.Collections.IEnumerator.get_Current()</Name>
              <SequencePoints />
              <BranchPoints />
              <MethodPoint vc="0" uspid="1312" ordinal="0" offset="0" />
            </Method>
            <Method visited="false" cyclomaticComplexity="1" nPathComplexity="0" sequenceCoverage="0" branchCoverage="0" crapScore="2" isConstructor="true" isStatic="false" isGetter="false" isSetter="false">
              <Summary numSequencePoints="0" visitedSequencePoints="0" numBranchPoints="0" visitedBranchPoints="0" sequenceCoverage="0" branchCoverage="0" maxCyclomaticComplexity="1" minCyclomaticComplexity="1" maxCrapScore="2" minCrapScore="2" visitedClasses="0" numClasses="0" visitedMethods="0" numMethods="0" />
              <MetadataToken>100663520</MetadataToken>
              <Name>System.Void Assets.CombatScripts.Ships.Weapons.WeaponFireMode.BurstFire/&lt;TryBurstFire&gt;d__5::.ctor(System.Int32)</Name>
              <SequencePoints />
              <BranchPoints />
              <MethodPoint vc="0" uspid="1313" ordinal="0" offset="0" />
            </Method>
            <Method visited="false" cyclomaticComplexity="1" nPathComplexity="0" sequenceCoverage="0" branchCoverage="0" crapScore="2" isConstructor="false" isStatic="false" isGetter="false" isSetter="false">
              <Summary numSequencePoints="0" visitedSequencePoints="0" numBranchPoints="0" visitedBranchPoints="0" sequenceCoverage="0" branchCoverage="0" maxCyclomaticComplexity="1" minCyclomaticComplexity="1" maxCrapScore="2" minCrapScore="2" visitedClasses="0" numClasses="0" visitedMethods="0" numMethods="0" />
              <MetadataToken>100663521</MetadataToken>
              <Name>System.Void Assets.CombatScripts.Ships.Weapons.WeaponFireMode.BurstFire/&lt;TryBurstFire&gt;d__5::System.IDisposable.Dispose()</Name>
              <SequencePoints />
              <BranchPoints />
              <MethodPoint vc="0" uspid="1314" ordinal="0" offset="0" />
            </Method>
            <Method visited="false" cyclomaticComplexity="4" nPathComplexity="2" sequenceCoverage="0" branchCoverage="0" crapScore="20" isConstructor="false" isStatic="false" isGetter="false" isSetter="false">
              <Summary numSequencePoints="8" visitedSequencePoints="0" numBranchPoints="3" visitedBranchPoints="0" sequenceCoverage="0" branchCoverage="0" maxCyclomaticComplexity="4" minCyclomaticComplexity="4" maxCrapScore="20" minCrapScore="20" visitedClasses="0" numClasses="0" visitedMethods="0" numMethods="1" />
              <MetadataToken>100663522</MetadataToken>
              <Name>System.Boolean Assets.CombatScripts.Ships.Weapons.WeaponFireMode.BurstFire/&lt;TryBurstFire&gt;d__5::MoveNext()</Name>
              <FileRef uid="56" />
              <SequencePoints>
                <SequencePoint vc="0" uspid="1315" ordinal="0" offset="31" sl="64" sc="3" el="64" ec="4" bec="0" bev="0" fileid="56" />
                <SequencePoint vc="0" uspid="1316" ordinal="1" offset="32" sl="65" sc="9" el="65" ec="18" bec="0" bev="0" fileid="56" />
                <SequencePoint vc="0" uspid="1317" ordinal="2" offset="41" sl="66" sc="4" el="66" ec="5" bec="0" bev="0" fileid="56" />
                <SequencePoint vc="0" uspid="1318" ordinal="3" offset="42" sl="67" sc="5" el="67" ec="39" bec="0" bev="0" fileid="56" />
                <SequencePoint vc="0" uspid="1319" ordinal="4" offset="59" sl="68" sc="5" el="68" ec="50" bec="0" bev="0" fileid="56" />
                <SequencePoint vc="0" uspid="1321" ordinal="6" offset="98" sl="65" sc="37" el="65" ec="40" bec="0" bev="0" fileid="56" />
                <SequencePoint vc="0" uspid="1322" ordinal="7" offset="114" sl="65" sc="20" el="65" ec="35" bec="2" bev="0" fileid="56" />
                <SequencePoint vc="0" uspid="1323" ordinal="8" offset="137" sl="71" sc="4" el="71" ec="16" bec="0" bev="0" fileid="56" />
              </SequencePoints>
              <BranchPoints>
                <BranchPoint vc="0" uspid="1326" ordinal="2" offset="135" sl="65" path="0" offsetend="137" fileid="56" />
                <BranchPoint vc="0" uspid="1327" ordinal="3" offset="135" sl="65" path="1" offsetend="41" fileid="56" />
              </BranchPoints>
              <MethodPoint vc="0" uspid="1328" ordinal="0" offset="0" />
            </Method>
            <Method visited="false" cyclomaticComplexity="1" nPathComplexity="0" sequenceCoverage="0" branchCoverage="0" crapScore="2" isConstructor="false" isStatic="false" isGetter="false" isSetter="false">
              <Summary numSequencePoints="0" visitedSequencePoints="0" numBranchPoints="0" visitedBranchPoints="0" sequenceCoverage="0" branchCoverage="0" maxCyclomaticComplexity="1" minCyclomaticComplexity="1" maxCrapScore="2" minCrapScore="2" visitedClasses="0" numClasses="0" visitedMethods="0" numMethods="0" />
              <MetadataToken>100663524</MetadataToken>
              <Name>System.Void Assets.CombatScripts.Ships.Weapons.WeaponFireMode.BurstFire/&lt;TryBurstFire&gt;d__5::System.Collections.IEnumerator.Reset()</Name>
              <SequencePoints />
              <BranchPoints />
              <MethodPoint vc="0" uspid="1329" ordinal="0" offset="0" />
            </Method>
          </Methods>
        </Class>
        <Class>
          <Summary numSequencePoints="8" visitedSequencePoints="0" numBranchPoints="2" visitedBranchPoints="0" sequenceCoverage="0" branchCoverage="0" maxCyclomaticComplexity="1" minCyclomaticComplexity="1" maxCrapScore="2" minCrapScore="2" visitedClasses="0" numClasses="1" visitedMethods="0" numMethods="2" />
          <FullName>Assets.CombatScripts.Ships.Weapons.WeaponFireMode.SingleFire</FullName>
          <Methods>
            <Method visited="false" cyclomaticComplexity="1" nPathComplexity="0" sequenceCoverage="0" branchCoverage="0" crapScore="2" isConstructor="true" isStatic="false" isGetter="false" isSetter="false">
              <Summary numSequencePoints="4" visitedSequencePoints="0" numBranchPoints="1" visitedBranchPoints="0" sequenceCoverage="0" branchCoverage="0" maxCyclomaticComplexity="1" minCyclomaticComplexity="1" maxCrapScore="2" minCrapScore="2" visitedClasses="0" numClasses="0" visitedMethods="0" numMethods="1" />
              <MetadataToken>100663495</MetadataToken>
              <Name>System.Void Assets.CombatScripts.Ships.Weapons.WeaponFireMode.SingleFire::.ctor(Assets.CombatScripts.Ships.Weapons.ShipWeapon)</Name>
              <FileRef uid="58" />
              <SequencePoints>
                <SequencePoint vc="0" uspid="1330" ordinal="0" offset="0" sl="23" sc="3" el="23" ec="39" bec="0" bev="0" fileid="58" />
                <SequencePoint vc="0" uspid="1331" ordinal="1" offset="7" sl="24" sc="3" el="24" ec="4" bec="0" bev="0" fileid="58" />
                <SequencePoint vc="0" uspid="1332" ordinal="2" offset="8" sl="25" sc="4" el="25" ec="26" bec="0" bev="0" fileid="58" />
                <SequencePoint vc="0" uspid="1333" ordinal="3" offset="15" sl="26" sc="3" el="26" ec="4" bec="0" bev="0" fileid="58" />
              </SequencePoints>
              <BranchPoints />
              <MethodPoint xsi:type="SequencePoint" vc="0" uspid="1330" ordinal="0" offset="0" sl="23" sc="3" el="23" ec="39" bec="0" bev="0" fileid="58" />
            </Method>
            <Method visited="false" cyclomaticComplexity="1" nPathComplexity="0" sequenceCoverage="0" branchCoverage="0" crapScore="2" isConstructor="false" isStatic="false" isGetter="false" isSetter="false">
              <Summary numSequencePoints="4" visitedSequencePoints="0" numBranchPoints="1" visitedBranchPoints="0" sequenceCoverage="0" branchCoverage="0" maxCyclomaticComplexity="1" minCyclomaticComplexity="1" maxCrapScore="2" minCrapScore="2" visitedClasses="0" numClasses="0" visitedMethods="0" numMethods="1" />
              <MetadataToken>100663496</MetadataToken>
              <Name>System.Boolean Assets.CombatScripts.Ships.Weapons.WeaponFireMode.SingleFire::TryFire()</Name>
              <FileRef uid="58" />
              <SequencePoints>
                <SequencePoint vc="0" uspid="1334" ordinal="0" offset="0" sl="33" sc="3" el="33" ec="4" bec="0" bev="0" fileid="58" />
                <SequencePoint vc="0" uspid="1335" ordinal="1" offset="1" sl="34" sc="4" el="34" ec="38" bec="0" bev="0" fileid="58" />
                <SequencePoint vc="0" uspid="1336" ordinal="2" offset="13" sl="35" sc="4" el="35" ec="16" bec="0" bev="0" fileid="58" />
                <SequencePoint vc="0" uspid="1337" ordinal="3" offset="17" sl="36" sc="3" el="36" ec="4" bec="0" bev="0" fileid="58" />
              </SequencePoints>
              <BranchPoints />
              <MethodPoint xsi:type="SequencePoint" vc="0" uspid="1334" ordinal="0" offset="0" sl="33" sc="3" el="33" ec="4" bec="0" bev="0" fileid="58" />
            </Method>
          </Methods>
        </Class>
        <Class>
          <Summary numSequencePoints="18" visitedSequencePoints="0" numBranchPoints="4" visitedBranchPoints="0" sequenceCoverage="0" branchCoverage="0" maxCyclomaticComplexity="2" minCyclomaticComplexity="1" maxCrapScore="6" minCrapScore="2" visitedClasses="0" numClasses="1" visitedMethods="0" numMethods="2" />
          <FullName>Assets.CombatScripts.Ships.Weapons.WeaponFireMode.SpreadFire</FullName>
          <Methods>
            <Method visited="false" cyclomaticComplexity="1" nPathComplexity="0" sequenceCoverage="0" branchCoverage="0" crapScore="2" isConstructor="true" isStatic="false" isGetter="false" isSetter="false">
              <Summary numSequencePoints="6" visitedSequencePoints="0" numBranchPoints="1" visitedBranchPoints="0" sequenceCoverage="0" branchCoverage="0" maxCyclomaticComplexity="1" minCyclomaticComplexity="1" maxCrapScore="2" minCrapScore="2" visitedClasses="0" numClasses="0" visitedMethods="0" numMethods="1" />
              <MetadataToken>100663497</MetadataToken>
              <Name>System.Void Assets.CombatScripts.Ships.Weapons.WeaponFireMode.SpreadFire::.ctor(Assets.CombatScripts.Ships.Weapons.ShipWeapon,System.Int32,System.Single)</Name>
              <FileRef uid="59" />
              <SequencePoints>
                <SequencePoint vc="0" uspid="1338" ordinal="0" offset="0" sl="42" sc="3" el="42" ec="64" bec="0" bev="0" fileid="59" />
                <SequencePoint vc="0" uspid="1339" ordinal="1" offset="7" sl="43" sc="3" el="43" ec="4" bec="0" bev="0" fileid="59" />
                <SequencePoint vc="0" uspid="1340" ordinal="2" offset="8" sl="44" sc="4" el="44" ec="26" bec="0" bev="0" fileid="59" />
                <SequencePoint vc="0" uspid="1341" ordinal="3" offset="15" sl="45" sc="4" el="45" ec="24" bec="0" bev="0" fileid="59" />
                <SequencePoint vc="0" uspid="1342" ordinal="4" offset="22" sl="46" sc="4" el="46" ec="26" bec="0" bev="0" fileid="59" />
                <SequencePoint vc="0" uspid="1343" ordinal="5" offset="29" sl="47" sc="3" el="47" ec="4" bec="0" bev="0" fileid="59" />
              </SequencePoints>
              <BranchPoints />
              <MethodPoint xsi:type="SequencePoint" vc="0" uspid="1338" ordinal="0" offset="0" sl="42" sc="3" el="42" ec="64" bec="0" bev="0" fileid="59" />
            </Method>
            <Method visited="false" cyclomaticComplexity="2" nPathComplexity="2" sequenceCoverage="0" branchCoverage="0" crapScore="6" isConstructor="false" isStatic="false" isGetter="false" isSetter="false">
              <Summary numSequencePoints="12" visitedSequencePoints="0" numBranchPoints="3" visitedBranchPoints="0" sequenceCoverage="0" branchCoverage="0" maxCyclomaticComplexity="2" minCyclomaticComplexity="2" maxCrapScore="6" minCrapScore="6" visitedClasses="0" numClasses="0" visitedMethods="0" numMethods="1" />
              <MetadataToken>100663498</MetadataToken>
              <Name>System.Boolean Assets.CombatScripts.Ships.Weapons.WeaponFireMode.SpreadFire::TryFire()</Name>
              <FileRef uid="59" />
              <SequencePoints>
                <SequencePoint vc="0" uspid="1344" ordinal="0" offset="0" sl="54" sc="3" el="54" ec="4" bec="0" bev="0" fileid="59" />
                <SequencePoint vc="0" uspid="1345" ordinal="1" offset="1" sl="55" sc="9" el="55" ec="18" bec="0" bev="0" fileid="59" />
                <SequencePoint vc="0" uspid="1346" ordinal="2" offset="5" sl="56" sc="4" el="56" ec="5" bec="0" bev="0" fileid="59" />
                <SequencePoint vc="0" uspid="1347" ordinal="3" offset="6" sl="57" sc="5" el="57" ec="55" bec="0" bev="0" fileid="59" />
                <SequencePoint vc="0" uspid="1348" ordinal="4" offset="18" sl="58" sc="5" el="58" ec="55" bec="0" bev="0" fileid="59" />
                <SequencePoint vc="0" uspid="1349" ordinal="5" offset="35" sl="59" sc="5" el="59" ec="74" bec="0" bev="0" fileid="59" />
                <SequencePoint vc="0" uspid="1350" ordinal="6" offset="56" sl="60" sc="5" el="60" ec="77" bec="0" bev="0" fileid="59" />
                <SequencePoint vc="0" uspid="1351" ordinal="7" offset="86" sl="61" sc="4" el="61" ec="5" bec="0" bev="0" fileid="59" />
                <SequencePoint vc="0" uspid="1352" ordinal="8" offset="87" sl="55" sc="37" el="55" ec="40" bec="0" bev="0" fileid="59" />
                <SequencePoint vc="0" uspid="1353" ordinal="9" offset="91" sl="55" sc="20" el="55" ec="35" bec="2" bev="0" fileid="59" />
                <SequencePoint vc="0" uspid="1354" ordinal="10" offset="106" sl="63" sc="4" el="63" ec="16" bec="0" bev="0" fileid="59" />
                <SequencePoint vc="0" uspid="1355" ordinal="11" offset="111" sl="64" sc="3" el="64" ec="4" bec="0" bev="0" fileid="59" />
              </SequencePoints>
              <BranchPoints>
                <BranchPoint vc="0" uspid="1356" ordinal="0" offset="104" sl="55" path="0" offsetend="106" fileid="59" />
                <BranchPoint vc="0" uspid="1357" ordinal="1" offset="104" sl="55" path="1" offsetend="5" fileid="59" />
              </BranchPoints>
              <MethodPoint xsi:type="SequencePoint" vc="0" uspid="1344" ordinal="0" offset="0" sl="54" sc="3" el="54" ec="4" bec="0" bev="0" fileid="59" />
            </Method>
          </Methods>
        </Class>
        <Class>
          <Summary numSequencePoints="8" visitedSequencePoints="0" numBranchPoints="3" visitedBranchPoints="0" sequenceCoverage="0" branchCoverage="0" maxCyclomaticComplexity="1" minCyclomaticComplexity="1" maxCrapScore="2" minCrapScore="2" visitedClasses="0" numClasses="1" visitedMethods="0" numMethods="3" />
          <FullName>Assets.CombatScripts.Settings.UIButtonColor</FullName>
          <Methods>
            <Method visited="false" cyclomaticComplexity="1" nPathComplexity="0" sequenceCoverage="0" branchCoverage="0" crapScore="2" isConstructor="false" isStatic="true" isGetter="true" isSetter="false">
              <Summary numSequencePoints="3" visitedSequencePoints="0" numBranchPoints="1" visitedBranchPoints="0" sequenceCoverage="0" branchCoverage="0" maxCyclomaticComplexity="1" minCyclomaticComplexity="1" maxCrapScore="2" minCrapScore="2" visitedClasses="0" numClasses="0" visitedMethods="0" numMethods="1" />
              <MetadataToken>100663499</MetadataToken>
              <Name>UnityEngine.Color Assets.CombatScripts.Settings.UIButtonColor::get_NormalColor()</Name>
              <FileRef uid="60" />
              <SequencePoints>
                <SequencePoint vc="0" uspid="1358" ordinal="0" offset="0" sl="22" sc="4" el="22" ec="5" bec="0" bev="0" fileid="60" />
                <SequencePoint vc="0" uspid="1359" ordinal="1" offset="1" sl="23" sc="5" el="23" ec="39" bec="0" bev="0" fileid="60" />
                <SequencePoint vc="0" uspid="1360" ordinal="2" offset="9" sl="24" sc="4" el="24" ec="5" bec="0" bev="0" fileid="60" />
              </SequencePoints>
              <BranchPoints />
              <MethodPoint xsi:type="SequencePoint" vc="0" uspid="1358" ordinal="0" offset="0" sl="22" sc="4" el="22" ec="5" bec="0" bev="0" fileid="60" />
            </Method>
            <Method visited="false" cyclomaticComplexity="1" nPathComplexity="0" sequenceCoverage="0" branchCoverage="0" crapScore="2" isConstructor="false" isStatic="true" isGetter="true" isSetter="false">
              <Summary numSequencePoints="3" visitedSequencePoints="0" numBranchPoints="1" visitedBranchPoints="0" sequenceCoverage="0" branchCoverage="0" maxCyclomaticComplexity="1" minCyclomaticComplexity="1" maxCrapScore="2" minCrapScore="2" visitedClasses="0" numClasses="0" visitedMethods="0" numMethods="1" />
              <MetadataToken>100663500</MetadataToken>
              <Name>UnityEngine.Color Assets.CombatScripts.Settings.UIButtonColor::get_DisabledColor()</Name>
              <FileRef uid="60" />
              <SequencePoints>
                <SequencePoint vc="0" uspid="1361" ordinal="0" offset="0" sl="33" sc="4" el="33" ec="5" bec="0" bev="0" fileid="60" />
                <SequencePoint vc="0" uspid="1362" ordinal="1" offset="1" sl="34" sc="5" el="34" ec="41" bec="0" bev="0" fileid="60" />
                <SequencePoint vc="0" uspid="1363" ordinal="2" offset="9" sl="35" sc="4" el="35" ec="5" bec="0" bev="0" fileid="60" />
              </SequencePoints>
              <BranchPoints />
              <MethodPoint xsi:type="SequencePoint" vc="0" uspid="1361" ordinal="0" offset="0" sl="33" sc="4" el="33" ec="5" bec="0" bev="0" fileid="60" />
            </Method>
            <Method visited="false" cyclomaticComplexity="1" nPathComplexity="0" sequenceCoverage="0" branchCoverage="0" crapScore="2" isConstructor="true" isStatic="true" isGetter="false" isSetter="false">
              <Summary numSequencePoints="2" visitedSequencePoints="0" numBranchPoints="1" visitedBranchPoints="0" sequenceCoverage="0" branchCoverage="0" maxCyclomaticComplexity="1" minCyclomaticComplexity="1" maxCrapScore="2" minCrapScore="2" visitedClasses="0" numClasses="0" visitedMethods="0" numMethods="1" />
              <MetadataToken>100663501</MetadataToken>
              <Name>System.Void Assets.CombatScripts.Settings.UIButtonColor::.cctor()</Name>
              <FileRef uid="60" />
              <SequencePoints>
                <SequencePoint vc="0" uspid="1364" ordinal="0" offset="0" sl="41" sc="3" el="41" ec="58" bec="0" bev="0" fileid="60" />
                <SequencePoint vc="0" uspid="1365" ordinal="1" offset="25" sl="46" sc="3" el="46" ec="68" bec="0" bev="0" fileid="60" />
              </SequencePoints>
              <BranchPoints />
              <MethodPoint xsi:type="SequencePoint" vc="0" uspid="1364" ordinal="0" offset="0" sl="41" sc="3" el="41" ec="58" bec="0" bev="0" fileid="60" />
            </Method>
          </Methods>
        </Class>
      </Classes>
      <TrackedMethods />
    </Module>
  </Modules>
</CoverageSession>